{"C:\\Users\\bhata\\OneDrive\\Desktop\\development\\projects\\AutoDreamApplier\\frontend\\src\\components\\applications\\application-row.tsx": {"path":"C:\\Users\\bhata\\OneDrive\\Desktop\\development\\projects\\AutoDreamApplier\\frontend\\src\\components\\applications\\application-row.tsx","statementMap":{"0":{"start":{"line":12,"column":0},"end":{"line":12,"column":16}},"1":{"start":{"line":1,"column":0},"end":{"line":1,"column":29}},"2":{"start":{"line":2,"column":0},"end":{"line":2,"column":77}},"3":{"start":{"line":3,"column":0},"end":{"line":3,"column":46}},"4":{"start":{"line":4,"column":0},"end":{"line":4,"column":51}},"5":{"start":{"line":5,"column":0},"end":{"line":5,"column":41}},"6":{"start":{"line":13,"column":18},"end":{"line":13,"column":29}},"7":{"start":{"line":15,"column":2},"end":{"line":82,"column":4}}},"fnMap":{"0":{"name":"ApplicationRow","decl":{"start":{"line":12,"column":16},"end":{"line":12,"column":30}},"loc":{"start":{"line":12,"column":67},"end":{"line":83,"column":1}}}},"branchMap":{"0":{"loc":{"start":{"line":36,"column":15},"end":{"line":36,"column":53}},"type":"cond-expr","locations":[{"start":{"line":36,"column":30},"end":{"line":36,"column":38}},{"start":{"line":36,"column":41},"end":{"line":36,"column":53}}]},"1":{"loc":{"start":{"line":42,"column":11},"end":{"line":45,"column":null}},"type":"binary-expr","locations":[{"start":{"line":42,"column":11},"end":{"line":42,"column":22}},{"start":{"line":42,"column":26},"end":{"line":42,"column":51}},{"start":{"line":43,"column":12},"end":{"line":44,"column":null}}]},"2":{"loc":{"start":{"line":47,"column":11},"end":{"line":50,"column":null}},"type":"binary-expr","locations":[{"start":{"line":47,"column":11},"end":{"line":47,"column":35}},{"start":{"line":48,"column":12},"end":{"line":48,"column":null}}]},"3":{"loc":{"start":{"line":65,"column":7},"end":{"line":68,"column":null}},"type":"binary-expr","locations":[{"start":{"line":65,"column":7},"end":{"line":65,"column":31}},{"start":{"line":66,"column":8},"end":{"line":67,"column":null}}]}},"s":{"0":1,"1":1,"2":1,"3":1,"4":1,"5":1,"6":9,"7":9},"f":{"0":9},"b":{"0":[1,8],"1":[9,9,8],"2":[9,1],"3":[9,1]}}
,"C:\\Users\\bhata\\OneDrive\\Desktop\\development\\projects\\AutoDreamApplier\\frontend\\src\\components\\applications\\status-timeline.tsx": {"path":"C:\\Users\\bhata\\OneDrive\\Desktop\\development\\projects\\AutoDreamApplier\\frontend\\src\\components\\applications\\status-timeline.tsx","statementMap":{"0":{"start":{"line":41,"column":0},"end":{"line":41,"column":16}},"1":{"start":{"line":1,"column":0},"end":{"line":1,"column":56}},"2":{"start":{"line":4,"column":68},"end":{"line":10,"column":2}},"3":{"start":{"line":12,"column":56},"end":{"line":20,"column":2}},"4":{"start":{"line":22,"column":59},"end":{"line":27,"column":2}},"5":{"start":{"line":29,"column":59},"end":{"line":34,"column":2}},"6":{"start":{"line":42,"column":23},"end":{"line":42,"column":43}},"7":{"start":{"line":43,"column":19},"end":{"line":43,"column":64}},"8":{"start":{"line":45,"column":2},"end":{"line":116,"column":4}},"9":{"start":{"line":49,"column":28},"end":{"line":49,"column":50}},"10":{"start":{"line":50,"column":25},"end":{"line":50,"column":62}},"11":{"start":{"line":51,"column":27},"end":{"line":51,"column":66}},"12":{"start":{"line":52,"column":26},"end":{"line":52,"column":69}},"13":{"start":{"line":54,"column":10},"end":{"line":105,"column":12}}},"fnMap":{"0":{"name":"StatusTimeline","decl":{"start":{"line":41,"column":16},"end":{"line":41,"column":30}},"loc":{"start":{"line":41,"column":71},"end":{"line":117,"column":1}}},"1":{"name":"(anonymous_1)","decl":{"start":{"line":48,"column":28},"end":{"line":48,"column":29}},"loc":{"start":{"line":48,"column":40},"end":{"line":106,"column":9}}}},"branchMap":{"0":{"loc":{"start":{"line":43,"column":19},"end":{"line":43,"column":64}},"type":"binary-expr","locations":[{"start":{"line":43,"column":19},"end":{"line":43,"column":38}},{"start":{"line":43,"column":42},"end":{"line":43,"column":64}}]},"1":{"loc":{"start":{"line":50,"column":25},"end":{"line":50,"column":62}},"type":"binary-expr","locations":[{"start":{"line":50,"column":25},"end":{"line":50,"column":34}},{"start":{"line":50,"column":38},"end":{"line":50,"column":62}}]},"2":{"loc":{"start":{"line":51,"column":27},"end":{"line":51,"column":66}},"type":"binary-expr","locations":[{"start":{"line":51,"column":27},"end":{"line":51,"column":36}},{"start":{"line":51,"column":40},"end":{"line":51,"column":66}}]},"3":{"loc":{"start":{"line":52,"column":26},"end":{"line":52,"column":69}},"type":"binary-expr","locations":[{"start":{"line":52,"column":26},"end":{"line":52,"column":34}},{"start":{"line":52,"column":38},"end":{"line":52,"column":69}}]},"4":{"loc":{"start":{"line":60,"column":20},"end":{"line":66,"column":null}},"type":"cond-expr","locations":[{"start":{"line":61,"column":24},"end":{"line":61,"column":55}},{"start":{"line":62,"column":24},"end":{"line":66,"column":null}}]},"5":{"loc":{"start":{"line":62,"column":24},"end":{"line":66,"column":null}},"type":"cond-expr","locations":[{"start":{"line":63,"column":24},"end":{"line":63,"column":51}},{"start":{"line":64,"column":24},"end":{"line":66,"column":null}}]},"6":{"loc":{"start":{"line":64,"column":24},"end":{"line":66,"column":null}},"type":"cond-expr","locations":[{"start":{"line":65,"column":24},"end":{"line":65,"column":51}},{"start":{"line":66,"column":24},"end":{"line":66,"column":null}}]},"7":{"loc":{"start":{"line":69,"column":19},"end":{"line":76,"column":null}},"type":"cond-expr","locations":[{"start":{"line":70,"column":20},"end":{"line":70,"column":64}},{"start":{"line":71,"column":22},"end":{"line":76,"column":null}}]},"8":{"loc":{"start":{"line":71,"column":22},"end":{"line":76,"column":null}},"type":"cond-expr","locations":[{"start":{"line":72,"column":20},"end":{"line":72,"column":83}},{"start":{"line":73,"column":22},"end":{"line":76,"column":null}}]},"9":{"loc":{"start":{"line":73,"column":22},"end":{"line":76,"column":null}},"type":"cond-expr","locations":[{"start":{"line":74,"column":20},"end":{"line":74,"column":62}},{"start":{"line":76,"column":20},"end":{"line":76,"column":63}}]},"10":{"loc":{"start":{"line":81,"column":20},"end":{"line":85,"column":null}},"type":"cond-expr","locations":[{"start":{"line":82,"column":24},"end":{"line":82,"column":40}},{"start":{"line":83,"column":24},"end":{"line":85,"column":null}}]},"11":{"loc":{"start":{"line":81,"column":20},"end":{"line":81,"column":38}},"type":"binary-expr","locations":[{"start":{"line":81,"column":20},"end":{"line":81,"column":26}},{"start":{"line":81,"column":30},"end":{"line":81,"column":38}}]},"12":{"loc":{"start":{"line":83,"column":24},"end":{"line":85,"column":null}},"type":"cond-expr","locations":[{"start":{"line":84,"column":24},"end":{"line":84,"column":38}},{"start":{"line":85,"column":24},"end":{"line":85,"column":null}}]},"13":{"loc":{"start":{"line":88,"column":19},"end":{"line":92,"column":32}},"type":"cond-expr","locations":[{"start":{"line":89,"column":22},"end":{"line":91,"column":32}},{"start":{"line":92,"column":22},"end":{"line":92,"column":32}}]},"14":{"loc":{"start":{"line":88,"column":19},"end":{"line":88,"column":62}},"type":"binary-expr","locations":[{"start":{"line":88,"column":19},"end":{"line":88,"column":50}},{"start":{"line":88,"column":54},"end":{"line":88,"column":62}}]},"15":{"loc":{"start":{"line":89,"column":22},"end":{"line":91,"column":32}},"type":"cond-expr","locations":[{"start":{"line":90,"column":24},"end":{"line":90,"column":35}},{"start":{"line":91,"column":24},"end":{"line":91,"column":32}}]},"16":{"loc":{"start":{"line":97,"column":15},"end":{"line":102,"column":null}},"type":"binary-expr","locations":[{"start":{"line":97,"column":15},"end":{"line":97,"column":44}},{"start":{"line":98,"column":16},"end":{"line":101,"column":null}}]},"17":{"loc":{"start":{"line":100,"column":20},"end":{"line":100,"column":null}},"type":"cond-expr","locations":[{"start":{"line":100,"column":29},"end":{"line":100,"column":43}},{"start":{"line":100,"column":46},"end":{"line":100,"column":null}}]},"18":{"loc":{"start":{"line":110,"column":7},"end":{"line":113,"column":null}},"type":"binary-expr","locations":[{"start":{"line":110,"column":7},"end":{"line":110,"column":14}},{"start":{"line":111,"column":8},"end":{"line":112,"column":null}}]}},"s":{"0":2,"1":2,"2":2,"3":2,"4":2,"5":2,"6":19,"7":19,"8":19,"9":95,"10":95,"11":95,"12":95,"13":95},"f":{"0":19,"1":95},"b":{"0":[19,18],"1":[95,85],"2":[95,85],"3":[95,10],"4":[60,35],"5":[17,18],"6":[2,16],"7":[60,35],"8":[17,18],"9":[2,16],"10":[77,18],"11":[95,35],"12":[2,16],"13":[2,93],"14":[95,19],"15":[1,1],"16":[95,76],"17":[60,16],"18":[19,4]}}
,"C:\\Users\\bhata\\OneDrive\\Desktop\\development\\projects\\AutoDreamApplier\\frontend\\src\\components\\layout\\sidebar.tsx": {"path":"C:\\Users\\bhata\\OneDrive\\Desktop\\development\\projects\\AutoDreamApplier\\frontend\\src\\components\\layout\\sidebar.tsx","statementMap":{"0":{"start":{"line":24,"column":0},"end":{"line":24,"column":16}},"1":{"start":{"line":3,"column":0},"end":{"line":3,"column":29}},"2":{"start":{"line":4,"column":0},"end":{"line":4,"column":46}},"3":{"start":{"line":5,"column":0},"end":{"line":5,"column":44}},"4":{"start":{"line":6,"column":0},"end":{"line":6,"column":null}},"5":{"start":{"line":14,"column":0},"end":{"line":14,"column":33}},"6":{"start":{"line":15,"column":0},"end":{"line":15,"column":36}},"7":{"start":{"line":16,"column":0},"end":{"line":16,"column":43}},"8":{"start":{"line":18,"column":17},"end":{"line":22,"column":11}},"9":{"start":{"line":25,"column":19},"end":{"line":25,"column":32}},"10":{"start":{"line":26,"column":40},"end":{"line":26,"column":55}},"11":{"start":{"line":28,"column":2},"end":{"line":32,"column":9}},"12":{"start":{"line":29,"column":4},"end":{"line":31,"column":57}},"13":{"start":{"line":30,"column":19},"end":{"line":30,"column":63}},"14":{"start":{"line":34,"column":2},"end":{"line":97,"column":4}},"15":{"start":{"line":49,"column":25},"end":{"line":49,"column":50}},"16":{"start":{"line":50,"column":10},"end":{"line":75,"column":12}}},"fnMap":{"0":{"name":"Sidebar","decl":{"start":{"line":24,"column":16},"end":{"line":24,"column":23}},"loc":{"start":{"line":24,"column":23},"end":{"line":98,"column":1}}},"1":{"name":"(anonymous_2)","decl":{"start":{"line":28,"column":12},"end":{"line":28,"column":15}},"loc":{"start":{"line":28,"column":17},"end":{"line":32,"column":3}}},"2":{"name":"(anonymous_3)","decl":{"start":{"line":30,"column":12},"end":{"line":30,"column":13}},"loc":{"start":{"line":30,"column":18},"end":{"line":30,"column":63}}},"3":{"name":"(anonymous_4)","decl":{"start":{"line":31,"column":13},"end":{"line":31,"column":16}},"loc":{"start":{"line":31,"column":18},"end":{"line":31,"column":55}}},"4":{"name":"(anonymous_5)","decl":{"start":{"line":48,"column":22},"end":{"line":48,"column":23}},"loc":{"start":{"line":48,"column":54},"end":{"line":76,"column":9}}}},"branchMap":{"0":{"loc":{"start":{"line":30,"column":34},"end":{"line":30,"column":61}},"type":"cond-expr","locations":[{"start":{"line":30,"column":52},"end":{"line":30,"column":56}},{"start":{"line":30,"column":56},"end":{"line":30,"column":61}}]},"1":{"loc":{"start":{"line":30,"column":34},"end":{"line":30,"column":56}},"type":"binary-expr","locations":[{"start":{"line":30,"column":34},"end":{"line":30,"column":56}},{"start":{"line":30,"column":52},"end":{"line":30,"column":56}}]},"2":{"loc":{"start":{"line":56,"column":16},"end":{"line":58,"column":73}},"type":"cond-expr","locations":[{"start":{"line":57,"column":20},"end":{"line":57,"column":60}},{"start":{"line":58,"column":20},"end":{"line":58,"column":73}}]},"3":{"loc":{"start":{"line":62,"column":50},"end":{"line":62,"column":93}},"type":"cond-expr","locations":[{"start":{"line":62,"column":59},"end":{"line":62,"column":75}},{"start":{"line":62,"column":78},"end":{"line":62,"column":93}}]},"4":{"loc":{"start":{"line":66,"column":15},"end":{"line":72,"column":null}},"type":"binary-expr","locations":[{"start":{"line":66,"column":15},"end":{"line":66,"column":44}},{"start":{"line":66,"column":48},"end":{"line":66,"column":59}},{"start":{"line":67,"column":16},"end":{"line":69,"column":null}}]}},"s":{"0":1,"1":1,"2":1,"3":1,"4":1,"5":1,"6":1,"7":1,"8":1,"9":9,"10":9,"11":9,"12":8,"13":8,"14":9,"15":27,"16":27},"f":{"0":9,"1":8,"2":8,"3":0,"4":27},"b":{"0":[8,0],"1":[8,8],"2":[9,18],"3":[9,18],"4":[27,9,1]}}
,"C:\\Users\\bhata\\OneDrive\\Desktop\\development\\projects\\AutoDreamApplier\\frontend\\src\\components\\matches\\match-card.tsx": {"path":"C:\\Users\\bhata\\OneDrive\\Desktop\\development\\projects\\AutoDreamApplier\\frontend\\src\\components\\matches\\match-card.tsx","statementMap":{"0":{"start":{"line":30,"column":0},"end":{"line":30,"column":16}},"1":{"start":{"line":3,"column":0},"end":{"line":3,"column":33}},"2":{"start":{"line":4,"column":0},"end":{"line":4,"column":null}},"3":{"start":{"line":14,"column":0},"end":{"line":14,"column":48}},"4":{"start":{"line":15,"column":0},"end":{"line":15,"column":46}},"5":{"start":{"line":16,"column":0},"end":{"line":16,"column":69}},"6":{"start":{"line":17,"column":0},"end":{"line":17,"column":96}},"7":{"start":{"line":18,"column":0},"end":{"line":18,"column":78}},"8":{"start":{"line":31,"column":32},"end":{"line":31,"column":75}},"9":{"start":{"line":34,"column":34},"end":{"line":35,"column":null}},"10":{"start":{"line":37,"column":48},"end":{"line":37,"column":98}},"11":{"start":{"line":40,"column":4},"end":{"line":40,"column":32}},"12":{"start":{"line":40,"column":25},"end":{"line":40,"column":32}},"13":{"start":{"line":41,"column":4},"end":{"line":41,"column":30}},"14":{"start":{"line":42,"column":17},"end":{"line":42,"column":25}},"15":{"start":{"line":43,"column":4},"end":{"line":43,"column":23}},"16":{"start":{"line":44,"column":4},"end":{"line":51,"column":5}},"17":{"start":{"line":45,"column":6},"end":{"line":45,"column":46}},"18":{"start":{"line":47,"column":6},"end":{"line":47,"column":55}},"19":{"start":{"line":48,"column":6},"end":{"line":48,"column":24}},"20":{"start":{"line":50,"column":6},"end":{"line":50,"column":31}},"21":{"start":{"line":55,"column":4},"end":{"line":55,"column":26}},"22":{"start":{"line":56,"column":4},"end":{"line":63,"column":5}},"23":{"start":{"line":57,"column":22},"end":{"line":57,"column":80}},"24":{"start":{"line":58,"column":6},"end":{"line":58,"column":24}},"25":{"start":{"line":60,"column":6},"end":{"line":60,"column":50}},"26":{"start":{"line":62,"column":6},"end":{"line":62,"column":23}},"27":{"start":{"line":67,"column":4},"end":{"line":67,"column":25}},"28":{"start":{"line":68,"column":4},"end":{"line":75,"column":5}},"29":{"start":{"line":69,"column":22},"end":{"line":69,"column":82}},"30":{"start":{"line":70,"column":6},"end":{"line":70,"column":24}},"31":{"start":{"line":72,"column":6},"end":{"line":72,"column":49}},"32":{"start":{"line":74,"column":6},"end":{"line":74,"column":23}},"33":{"start":{"line":78,"column":18},"end":{"line":78,"column":23}},"34":{"start":{"line":79,"column":20},"end":{"line":79,"column":50}},"35":{"start":{"line":80,"column":21},"end":{"line":80,"column":49}},"36":{"start":{"line":82,"column":2},"end":{"line":254,"column":4}},"37":{"start":{"line":94,"column":12},"end":{"line":94,"column":32}},"38":{"start":{"line":95,"column":12},"end":{"line":95,"column":37}},"39":{"start":{"line":162,"column":12},"end":{"line":162,"column":27}},"40":{"start":{"line":177,"column":27},"end":{"line":177,"column":54}},"41":{"start":{"line":192,"column":27},"end":{"line":192,"column":56}}},"fnMap":{"0":{"name":"MatchCard","decl":{"start":{"line":30,"column":16},"end":{"line":30,"column":25}},"loc":{"start":{"line":30,"column":87},"end":{"line":255,"column":1}}},"1":{"name":"handleFeedback","decl":{"start":{"line":39,"column":17},"end":{"line":39,"column":31}},"loc":{"start":{"line":39,"column":66},"end":{"line":52,"column":3}}},"2":{"name":"handleApprove","decl":{"start":{"line":54,"column":17},"end":{"line":54,"column":30}},"loc":{"start":{"line":54,"column":30},"end":{"line":64,"column":3}}},"3":{"name":"handleReject","decl":{"start":{"line":66,"column":17},"end":{"line":66,"column":29}},"loc":{"start":{"line":66,"column":29},"end":{"line":76,"column":3}}},"4":{"name":"(anonymous_4)","decl":{"start":{"line":93,"column":19},"end":{"line":93,"column":20}},"loc":{"start":{"line":93,"column":25},"end":{"line":96,"column":11}}},"5":{"name":"(anonymous_5)","decl":{"start":{"line":161,"column":52},"end":{"line":161,"column":53}},"loc":{"start":{"line":162,"column":12},"end":{"line":162,"column":27}}},"6":{"name":"(anonymous_6)","decl":{"start":{"line":177,"column":21},"end":{"line":177,"column":24}},"loc":{"start":{"line":177,"column":27},"end":{"line":177,"column":54}}},"7":{"name":"(anonymous_7)","decl":{"start":{"line":192,"column":21},"end":{"line":192,"column":24}},"loc":{"start":{"line":192,"column":27},"end":{"line":192,"column":56}}}},"branchMap":{"0":{"loc":{"start":{"line":40,"column":4},"end":{"line":40,"column":32}},"type":"if","locations":[{"start":{"line":40,"column":4},"end":{"line":40,"column":32}},{"start":{},"end":{}}]},"1":{"loc":{"start":{"line":85,"column":8},"end":{"line":85,"column":null}},"type":"cond-expr","locations":[{"start":{"line":85,"column":19},"end":{"line":85,"column":42}},{"start":{"line":85,"column":45},"end":{"line":85,"column":null}}]},"2":{"loc":{"start":{"line":89,"column":7},"end":{"line":114,"column":null}},"type":"binary-expr","locations":[{"start":{"line":89,"column":7},"end":{"line":89,"column":21}},{"start":{"line":90,"column":8},"end":{"line":113,"column":null}}]},"3":{"loc":{"start":{"line":92,"column":22},"end":{"line":92,"column":54}},"type":"cond-expr","locations":[{"start":{"line":92,"column":33},"end":{"line":92,"column":43}},{"start":{"line":92,"column":46},"end":{"line":92,"column":54}}]},"4":{"loc":{"start":{"line":98,"column":12},"end":{"line":100,"column":null}},"type":"cond-expr","locations":[{"start":{"line":99,"column":16},"end":{"line":99,"column":58}},{"start":{"line":100,"column":16},"end":{"line":100,"column":null}}]},"5":{"loc":{"start":{"line":103,"column":11},"end":{"line":112,"column":null}},"type":"binary-expr","locations":[{"start":{"line":103,"column":11},"end":{"line":103,"column":19}},{"start":{"line":104,"column":12},"end":{"line":111,"column":null}}]},"6":{"loc":{"start":{"line":117,"column":38},"end":{"line":117,"column":67}},"type":"cond-expr","locations":[{"start":{"line":117,"column":55},"end":{"line":117,"column":62}},{"start":{"line":117,"column":65},"end":{"line":117,"column":67}}]},"7":{"loc":{"start":{"line":147,"column":13},"end":{"line":147,"column":51}},"type":"cond-expr","locations":[{"start":{"line":147,"column":28},"end":{"line":147,"column":36}},{"start":{"line":147,"column":39},"end":{"line":147,"column":51}}]},"8":{"loc":{"start":{"line":180,"column":14},"end":{"line":182,"column":null}},"type":"cond-expr","locations":[{"start":{"line":181,"column":18},"end":{"line":181,"column":46}},{"start":{"line":182,"column":18},"end":{"line":182,"column":null}}]},"9":{"loc":{"start":{"line":186,"column":40},"end":{"line":186,"column":94}},"type":"cond-expr","locations":[{"start":{"line":186,"column":74},"end":{"line":186,"column":89}},{"start":{"line":186,"column":92},"end":{"line":186,"column":94}}]},"10":{"loc":{"start":{"line":195,"column":14},"end":{"line":197,"column":null}},"type":"cond-expr","locations":[{"start":{"line":196,"column":18},"end":{"line":196,"column":42}},{"start":{"line":197,"column":18},"end":{"line":197,"column":null}}]},"11":{"loc":{"start":{"line":201,"column":40},"end":{"line":201,"column":96}},"type":"cond-expr","locations":[{"start":{"line":201,"column":76},"end":{"line":201,"column":91}},{"start":{"line":201,"column":94},"end":{"line":201,"column":96}}]},"12":{"loc":{"start":{"line":209,"column":11},"end":{"line":213,"column":null}},"type":"binary-expr","locations":[{"start":{"line":209,"column":11},"end":{"line":209,"column":22}},{"start":{"line":209,"column":26},"end":{"line":209,"column":51}},{"start":{"line":210,"column":12},"end":{"line":212,"column":null}}]},"13":{"loc":{"start":{"line":215,"column":11},"end":{"line":215,"column":66}},"type":"binary-expr","locations":[{"start":{"line":215,"column":11},"end":{"line":215,"column":23}},{"start":{"line":215,"column":27},"end":{"line":215,"column":66}}]},"14":{"loc":{"start":{"line":216,"column":11},"end":{"line":216,"column":71}},"type":"binary-expr","locations":[{"start":{"line":216,"column":11},"end":{"line":216,"column":21}},{"start":{"line":216,"column":25},"end":{"line":216,"column":71}}]}},"s":{"0":2,"1":2,"2":2,"3":2,"4":2,"5":2,"6":2,"7":2,"8":24,"9":24,"10":24,"11":0,"12":0,"13":0,"14":0,"15":0,"16":0,"17":0,"18":0,"19":0,"20":0,"21":1,"22":1,"23":1,"24":1,"25":0,"26":1,"27":1,"28":1,"29":1,"30":1,"31":0,"32":1,"33":24,"34":24,"35":24,"36":24,"37":1,"38":1,"39":72,"40":0,"41":0},"f":{"0":24,"1":0,"2":1,"3":1,"4":1,"5":72,"6":0,"7":0},"b":{"0":[0,0],"1":[2,22],"2":[24,8],"3":[2,6],"4":[2,6],"5":[8,2],"6":[8,16],"7":[18,6],"8":[0,24],"9":[0,24],"10":[0,24],"11":[0,24],"12":[24,24,24],"13":[24,18],"14":[24,0]}}
,"C:\\Users\\bhata\\OneDrive\\Desktop\\development\\projects\\AutoDreamApplier\\frontend\\src\\components\\matches\\match-queue.tsx": {"path":"C:\\Users\\bhata\\OneDrive\\Desktop\\development\\projects\\AutoDreamApplier\\frontend\\src\\components\\matches\\match-queue.tsx","statementMap":{"0":{"start":{"line":19,"column":0},"end":{"line":19,"column":16}},"1":{"start":{"line":3,"column":0},"end":{"line":3,"column":57}},"2":{"start":{"line":4,"column":0},"end":{"line":4,"column":94}},"3":{"start":{"line":5,"column":0},"end":{"line":5,"column":48}},"4":{"start":{"line":6,"column":0},"end":{"line":6,"column":50}},"5":{"start":{"line":7,"column":0},"end":{"line":7,"column":46}},"6":{"start":{"line":8,"column":0},"end":{"line":8,"column":41}},"7":{"start":{"line":9,"column":0},"end":{"line":9,"column":91}},"8":{"start":{"line":12,"column":69},"end":{"line":17,"column":2}},"9":{"start":{"line":20,"column":32},"end":{"line":20,"column":53}},"10":{"start":{"line":21,"column":30},"end":{"line":21,"column":70}},"11":{"start":{"line":22,"column":32},"end":{"line":22,"column":46}},"12":{"start":{"line":23,"column":28},"end":{"line":23,"column":57}},"13":{"start":{"line":24,"column":26},"end":{"line":24,"column":37}},"14":{"start":{"line":25,"column":32},"end":{"line":25,"column":47}},"15":{"start":{"line":26,"column":38},"end":{"line":26,"column":53}},"16":{"start":{"line":29,"column":34},"end":{"line":29,"column":66}},"17":{"start":{"line":30,"column":40},"end":{"line":30,"column":83}},"18":{"start":{"line":32,"column":24},"end":{"line":32,"column":37}},"19":{"start":{"line":33,"column":22},"end":{"line":33,"column":76}},"20":{"start":{"line":36,"column":4},"end":{"line":40,"column":7}},"21":{"start":{"line":37,"column":19},"end":{"line":37,"column":32}},"22":{"start":{"line":38,"column":6},"end":{"line":38,"column":52}},"23":{"start":{"line":39,"column":6},"end":{"line":39,"column":18}},"24":{"start":{"line":44,"column":4},"end":{"line":48,"column":5}},"25":{"start":{"line":45,"column":6},"end":{"line":45,"column":29}},"26":{"start":{"line":47,"column":6},"end":{"line":47,"column":53}},"27":{"start":{"line":47,"column":45},"end":{"line":47,"column":49}},"28":{"start":{"line":52,"column":4},"end":{"line":52,"column":27}},"29":{"start":{"line":56,"column":4},"end":{"line":56,"column":36}},"30":{"start":{"line":56,"column":29},"end":{"line":56,"column":36}},"31":{"start":{"line":57,"column":4},"end":{"line":57,"column":30}},"32":{"start":{"line":58,"column":4},"end":{"line":76,"column":5}},"33":{"start":{"line":59,"column":6},"end":{"line":59,"column":56}},"34":{"start":{"line":61,"column":6},"end":{"line":69,"column":7}},"35":{"start":{"line":62,"column":8},"end":{"line":62,"column":70}},"36":{"start":{"line":62,"column":29},"end":{"line":62,"column":68}},"37":{"start":{"line":62,"column":48},"end":{"line":62,"column":67}},"38":{"start":{"line":64,"column":8},"end":{"line":68,"column":10}},"39":{"start":{"line":65,"column":10},"end":{"line":66,"column":null}},"40":{"start":{"line":66,"column":12},"end":{"line":66,"column":80}},"41":{"start":{"line":70,"column":6},"end":{"line":70,"column":29}},"42":{"start":{"line":72,"column":6},"end":{"line":72,"column":59}},"43":{"start":{"line":73,"column":6},"end":{"line":73,"column":71}},"44":{"start":{"line":75,"column":6},"end":{"line":75,"column":27}},"45":{"start":{"line":80,"column":4},"end":{"line":80,"column":36}},"46":{"start":{"line":80,"column":29},"end":{"line":80,"column":36}},"47":{"start":{"line":81,"column":4},"end":{"line":81,"column":29}},"48":{"start":{"line":82,"column":4},"end":{"line":99,"column":5}},"49":{"start":{"line":83,"column":6},"end":{"line":83,"column":55}},"50":{"start":{"line":84,"column":6},"end":{"line":92,"column":7}},"51":{"start":{"line":85,"column":8},"end":{"line":85,"column":70}},"52":{"start":{"line":85,"column":29},"end":{"line":85,"column":68}},"53":{"start":{"line":85,"column":48},"end":{"line":85,"column":67}},"54":{"start":{"line":87,"column":8},"end":{"line":91,"column":10}},"55":{"start":{"line":88,"column":10},"end":{"line":89,"column":null}},"56":{"start":{"line":89,"column":12},"end":{"line":89,"column":80}},"57":{"start":{"line":93,"column":6},"end":{"line":93,"column":29}},"58":{"start":{"line":95,"column":6},"end":{"line":95,"column":58}},"59":{"start":{"line":96,"column":6},"end":{"line":96,"column":70}},"60":{"start":{"line":98,"column":6},"end":{"line":98,"column":27}},"61":{"start":{"line":103,"column":2},"end":{"line":105,"column":15}},"62":{"start":{"line":104,"column":4},"end":{"line":104,"column":27}},"63":{"start":{"line":108,"column":23},"end":{"line":122,"column":null}},"64":{"start":{"line":110,"column":6},"end":{"line":120,"column":7}},"65":{"start":{"line":111,"column":8},"end":{"line":111,"column":23}},"66":{"start":{"line":112,"column":56},"end":{"line":112,"column":84}},"67":{"start":{"line":113,"column":8},"end":{"line":113,"column":53}},"68":{"start":{"line":113,"column":30},"end":{"line":113,"column":53}},"69":{"start":{"line":114,"column":20},"end":{"line":114,"column":45}},"70":{"start":{"line":115,"column":8},"end":{"line":115,"column":76}},"71":{"start":{"line":115,"column":30},"end":{"line":115,"column":73}},"72":{"start":{"line":116,"column":8},"end":{"line":116,"column":32}},"73":{"start":{"line":118,"column":8},"end":{"line":118,"column":61}},"74":{"start":{"line":119,"column":8},"end":{"line":119,"column":76}},"75":{"start":{"line":126,"column":2},"end":{"line":131,"column":21}},"76":{"start":{"line":127,"column":4},"end":{"line":127,"column":15}},"77":{"start":{"line":128,"column":4},"end":{"line":128,"column":19}},"78":{"start":{"line":129,"column":4},"end":{"line":129,"column":21}},"79":{"start":{"line":130,"column":4},"end":{"line":130,"column":59}},"80":{"start":{"line":130,"column":40},"end":{"line":130,"column":57}},"81":{"start":{"line":134,"column":4},"end":{"line":134,"column":24}},"82":{"start":{"line":135,"column":4},"end":{"line":135,"column":15}},"83":{"start":{"line":136,"column":4},"end":{"line":136,"column":27}},"84":{"start":{"line":137,"column":4},"end":{"line":137,"column":32}},"85":{"start":{"line":138,"column":4},"end":{"line":138,"column":25}},"86":{"start":{"line":142,"column":17},"end":{"line":142,"column":25}},"87":{"start":{"line":143,"column":4},"end":{"line":143,"column":18}},"88":{"start":{"line":144,"column":4},"end":{"line":144,"column":36}},"89":{"start":{"line":148,"column":4},"end":{"line":150,"column":6}},"90":{"start":{"line":149,"column":6},"end":{"line":149,"column":83}},"91":{"start":{"line":149,"column":23},"end":{"line":149,"column":81}},"92":{"start":{"line":153,"column":2},"end":{"line":295,"column":4}},"93":{"start":{"line":160,"column":12},"end":{"line":161,"column":null}},"94":{"start":{"line":162,"column":29},"end":{"line":162,"column":49}},"95":{"start":{"line":274,"column":14},"end":{"line":275,"column":null}}},"fnMap":{"0":{"name":"MatchQueue","decl":{"start":{"line":19,"column":16},"end":{"line":19,"column":26}},"loc":{"start":{"line":19,"column":26},"end":{"line":296,"column":1}}},"1":{"name":"handleToggleSelect","decl":{"start":{"line":35,"column":11},"end":{"line":35,"column":29}},"loc":{"start":{"line":35,"column":40},"end":{"line":41,"column":3}}},"2":{"name":"(anonymous_2)","decl":{"start":{"line":36,"column":16},"end":{"line":36,"column":17}},"loc":{"start":{"line":36,"column":25},"end":{"line":40,"column":5}}},"3":{"name":"handleSelectAll","decl":{"start":{"line":43,"column":11},"end":{"line":43,"column":26}},"loc":{"start":{"line":43,"column":26},"end":{"line":49,"column":3}}},"4":{"name":"(anonymous_4)","decl":{"start":{"line":47,"column":38},"end":{"line":47,"column":39}},"loc":{"start":{"line":47,"column":45},"end":{"line":47,"column":49}}},"5":{"name":"handleClearSelection","decl":{"start":{"line":51,"column":11},"end":{"line":51,"column":31}},"loc":{"start":{"line":51,"column":31},"end":{"line":53,"column":3}}},"6":{"name":"handleBulkApprove","decl":{"start":{"line":55,"column":17},"end":{"line":55,"column":34}},"loc":{"start":{"line":55,"column":34},"end":{"line":77,"column":3}}},"7":{"name":"(anonymous_7)","decl":{"start":{"line":62,"column":19},"end":{"line":62,"column":20}},"loc":{"start":{"line":62,"column":29},"end":{"line":62,"column":68}}},"8":{"name":"(anonymous_8)","decl":{"start":{"line":62,"column":41},"end":{"line":62,"column":42}},"loc":{"start":{"line":62,"column":48},"end":{"line":62,"column":67}}},"9":{"name":"(anonymous_9)","decl":{"start":{"line":64,"column":19},"end":{"line":64,"column":20}},"loc":{"start":{"line":65,"column":10},"end":{"line":66,"column":null}}},"10":{"name":"(anonymous_10)","decl":{"start":{"line":65,"column":19},"end":{"line":65,"column":20}},"loc":{"start":{"line":66,"column":12},"end":{"line":66,"column":80}}},"11":{"name":"handleBulkReject","decl":{"start":{"line":79,"column":17},"end":{"line":79,"column":33}},"loc":{"start":{"line":79,"column":33},"end":{"line":100,"column":3}}},"12":{"name":"(anonymous_12)","decl":{"start":{"line":85,"column":19},"end":{"line":85,"column":20}},"loc":{"start":{"line":85,"column":29},"end":{"line":85,"column":68}}},"13":{"name":"(anonymous_13)","decl":{"start":{"line":85,"column":41},"end":{"line":85,"column":42}},"loc":{"start":{"line":85,"column":48},"end":{"line":85,"column":67}}},"14":{"name":"(anonymous_14)","decl":{"start":{"line":87,"column":19},"end":{"line":87,"column":20}},"loc":{"start":{"line":88,"column":10},"end":{"line":89,"column":null}}},"15":{"name":"(anonymous_15)","decl":{"start":{"line":88,"column":19},"end":{"line":88,"column":20}},"loc":{"start":{"line":89,"column":12},"end":{"line":89,"column":80}}},"16":{"name":"(anonymous_16)","decl":{"start":{"line":103,"column":12},"end":{"line":103,"column":15}},"loc":{"start":{"line":103,"column":17},"end":{"line":105,"column":3}}},"17":{"name":"(anonymous_17)","decl":{"start":{"line":109,"column":4},"end":{"line":109,"column":9}},"loc":{"start":{"line":109,"column":48},"end":{"line":121,"column":5}}},"18":{"name":"(anonymous_18)","decl":{"start":{"line":115,"column":19},"end":{"line":115,"column":20}},"loc":{"start":{"line":115,"column":30},"end":{"line":115,"column":73}}},"19":{"name":"(anonymous_19)","decl":{"start":{"line":126,"column":12},"end":{"line":126,"column":15}},"loc":{"start":{"line":126,"column":17},"end":{"line":131,"column":3}}},"20":{"name":"(anonymous_20)","decl":{"start":{"line":130,"column":34},"end":{"line":130,"column":37}},"loc":{"start":{"line":130,"column":40},"end":{"line":130,"column":57}}},"21":{"name":"handleRefresh","decl":{"start":{"line":133,"column":17},"end":{"line":133,"column":30}},"loc":{"start":{"line":133,"column":30},"end":{"line":139,"column":3}}},"22":{"name":"handleLoadMore","decl":{"start":{"line":141,"column":17},"end":{"line":141,"column":31}},"loc":{"start":{"line":141,"column":31},"end":{"line":145,"column":3}}},"23":{"name":"handleUpdate","decl":{"start":{"line":147,"column":11},"end":{"line":147,"column":23}},"loc":{"start":{"line":147,"column":58},"end":{"line":151,"column":3}}},"24":{"name":"(anonymous_24)","decl":{"start":{"line":148,"column":15},"end":{"line":148,"column":16}},"loc":{"start":{"line":149,"column":6},"end":{"line":149,"column":83}}},"25":{"name":"(anonymous_25)","decl":{"start":{"line":149,"column":15},"end":{"line":149,"column":16}},"loc":{"start":{"line":149,"column":23},"end":{"line":149,"column":81}}},"26":{"name":"(anonymous_26)","decl":{"start":{"line":159,"column":27},"end":{"line":159,"column":28}},"loc":{"start":{"line":160,"column":12},"end":{"line":161,"column":null}}},"27":{"name":"(anonymous_27)","decl":{"start":{"line":162,"column":23},"end":{"line":162,"column":26}},"loc":{"start":{"line":162,"column":29},"end":{"line":162,"column":49}}},"28":{"name":"(anonymous_28)","decl":{"start":{"line":273,"column":25},"end":{"line":273,"column":26}},"loc":{"start":{"line":274,"column":14},"end":{"line":275,"column":null}}}},"branchMap":{"0":{"loc":{"start":{"line":33,"column":22},"end":{"line":33,"column":76}},"type":"binary-expr","locations":[{"start":{"line":33,"column":22},"end":{"line":33,"column":40}},{"start":{"line":33,"column":44},"end":{"line":33,"column":76}}]},"1":{"loc":{"start":{"line":38,"column":6},"end":{"line":38,"column":51}},"type":"cond-expr","locations":[{"start":{"line":38,"column":21},"end":{"line":38,"column":36}},{"start":{"line":38,"column":39},"end":{"line":38,"column":51}}]},"2":{"loc":{"start":{"line":44,"column":4},"end":{"line":48,"column":5}},"type":"if","locations":[{"start":{"line":44,"column":4},"end":{"line":48,"column":5}},{"start":{"line":46,"column":11},"end":{"line":48,"column":5}}]},"3":{"loc":{"start":{"line":56,"column":4},"end":{"line":56,"column":36}},"type":"if","locations":[{"start":{"line":56,"column":4},"end":{"line":56,"column":36}},{"start":{},"end":{}}]},"4":{"loc":{"start":{"line":61,"column":6},"end":{"line":69,"column":7}},"type":"if","locations":[{"start":{"line":61,"column":6},"end":{"line":69,"column":7}},{"start":{"line":63,"column":13},"end":{"line":69,"column":7}}]},"5":{"loc":{"start":{"line":66,"column":12},"end":{"line":66,"column":80}},"type":"cond-expr","locations":[{"start":{"line":66,"column":32},"end":{"line":66,"column":77}},{"start":{"line":66,"column":79},"end":{"line":66,"column":80}}]},"6":{"loc":{"start":{"line":73,"column":15},"end":{"line":73,"column":69}},"type":"cond-expr","locations":[{"start":{"line":73,"column":36},"end":{"line":73,"column":45}},{"start":{"line":73,"column":48},"end":{"line":73,"column":69}}]},"7":{"loc":{"start":{"line":80,"column":4},"end":{"line":80,"column":36}},"type":"if","locations":[{"start":{"line":80,"column":4},"end":{"line":80,"column":36}},{"start":{},"end":{}}]},"8":{"loc":{"start":{"line":84,"column":6},"end":{"line":92,"column":7}},"type":"if","locations":[{"start":{"line":84,"column":6},"end":{"line":92,"column":7}},{"start":{"line":86,"column":13},"end":{"line":92,"column":7}}]},"9":{"loc":{"start":{"line":89,"column":12},"end":{"line":89,"column":80}},"type":"cond-expr","locations":[{"start":{"line":89,"column":32},"end":{"line":89,"column":77}},{"start":{"line":89,"column":79},"end":{"line":89,"column":80}}]},"10":{"loc":{"start":{"line":96,"column":15},"end":{"line":96,"column":68}},"type":"cond-expr","locations":[{"start":{"line":96,"column":36},"end":{"line":96,"column":45}},{"start":{"line":96,"column":48},"end":{"line":96,"column":68}}]},"11":{"loc":{"start":{"line":113,"column":8},"end":{"line":113,"column":53}},"type":"if","locations":[{"start":{"line":113,"column":8},"end":{"line":113,"column":53}},{"start":{},"end":{}}]},"12":{"loc":{"start":{"line":115,"column":30},"end":{"line":115,"column":73}},"type":"cond-expr","locations":[{"start":{"line":115,"column":40},"end":{"line":115,"column":48}},{"start":{"line":115,"column":51},"end":{"line":115,"column":73}}]},"13":{"loc":{"start":{"line":119,"column":17},"end":{"line":119,"column":74}},"type":"cond-expr","locations":[{"start":{"line":119,"column":38},"end":{"line":119,"column":47}},{"start":{"line":119,"column":50},"end":{"line":119,"column":74}}]},"14":{"loc":{"start":{"line":149,"column":23},"end":{"line":149,"column":81}},"type":"cond-expr","locations":[{"start":{"line":149,"column":44},"end":{"line":149,"column":78}},{"start":{"line":149,"column":80},"end":{"line":149,"column":81}}]},"15":{"loc":{"start":{"line":164,"column":16},"end":{"line":166,"column":null}},"type":"cond-expr","locations":[{"start":{"line":165,"column":20},"end":{"line":165,"column":54}},{"start":{"line":166,"column":20},"end":{"line":166,"column":null}}]},"16":{"loc":{"start":{"line":180,"column":47},"end":{"line":180,"column":79}},"type":"cond-expr","locations":[{"start":{"line":180,"column":60},"end":{"line":180,"column":74}},{"start":{"line":180,"column":77},"end":{"line":180,"column":79}}]},"17":{"loc":{"start":{"line":186,"column":7},"end":{"line":239,"column":null}},"type":"binary-expr","locations":[{"start":{"line":186,"column":7},"end":{"line":186,"column":15}},{"start":{"line":186,"column":19},"end":{"line":186,"column":37}},{"start":{"line":187,"column":8},"end":{"line":238,"column":null}}]},"18":{"loc":{"start":{"line":194,"column":13},"end":{"line":197,"column":null}},"type":"cond-expr","locations":[{"start":{"line":195,"column":14},"end":{"line":195,"column":64}},{"start":{"line":197,"column":14},"end":{"line":197,"column":44}}]},"19":{"loc":{"start":{"line":199,"column":13},"end":{"line":199,"column":56}},"type":"cond-expr","locations":[{"start":{"line":199,"column":27},"end":{"line":199,"column":41}},{"start":{"line":199,"column":44},"end":{"line":199,"column":56}}]},"20":{"loc":{"start":{"line":203,"column":11},"end":{"line":237,"column":null}},"type":"binary-expr","locations":[{"start":{"line":203,"column":11},"end":{"line":203,"column":28}},{"start":{"line":204,"column":12},"end":{"line":236,"column":null}}]},"21":{"loc":{"start":{"line":243,"column":7},"end":{"line":246,"column":null}},"type":"binary-expr","locations":[{"start":{"line":243,"column":7},"end":{"line":243,"column":12}},{"start":{"line":244,"column":8},"end":{"line":245,"column":null}}]},"22":{"loc":{"start":{"line":250,"column":7},"end":{"line":292,"column":null}},"type":"cond-expr","locations":[{"start":{"line":251,"column":8},"end":{"line":252,"column":null}},{"start":{"line":254,"column":10},"end":{"line":292,"column":null}}]},"23":{"loc":{"start":{"line":254,"column":10},"end":{"line":292,"column":null}},"type":"cond-expr","locations":[{"start":{"line":256,"column":8},"end":{"line":267,"column":null}},{"start":{"line":270,"column":8},"end":{"line":291,"column":null}}]},"24":{"loc":{"start":{"line":261,"column":16},"end":{"line":261,"column":46}},"type":"cond-expr","locations":[{"start":{"line":261,"column":35},"end":{"line":261,"column":37}},{"start":{"line":261,"column":40},"end":{"line":261,"column":46}}]},"25":{"loc":{"start":{"line":264,"column":13},"end":{"line":266,"column":57}},"type":"cond-expr","locations":[{"start":{"line":265,"column":16},"end":{"line":265,"column":86}},{"start":{"line":266,"column":16},"end":{"line":266,"column":57}}]},"26":{"loc":{"start":{"line":285,"column":11},"end":{"line":290,"column":null}},"type":"binary-expr","locations":[{"start":{"line":285,"column":11},"end":{"line":285,"column":18}},{"start":{"line":286,"column":12},"end":{"line":289,"column":null}}]}},"s":{"0":1,"1":1,"2":1,"3":1,"4":1,"5":1,"6":1,"7":1,"8":1,"9":31,"10":30,"11":30,"12":30,"13":30,"14":30,"15":30,"16":30,"17":30,"18":30,"19":30,"20":0,"21":0,"22":0,"23":0,"24":2,"25":0,"26":2,"27":2,"28":0,"29":0,"30":0,"31":0,"32":0,"33":0,"34":0,"35":0,"36":0,"37":0,"38":0,"39":0,"40":0,"41":0,"42":0,"43":0,"44":0,"45":0,"46":0,"47":0,"48":0,"49":0,"50":0,"51":0,"52":0,"53":0,"54":0,"55":0,"56":0,"57":0,"58":0,"59":0,"60":0,"61":30,"62":10,"63":30,"64":10,"65":10,"66":10,"67":10,"68":10,"69":10,"70":9,"71":7,"72":9,"73":1,"74":1,"75":30,"76":10,"77":10,"78":10,"79":10,"80":10,"81":0,"82":0,"83":0,"84":0,"85":0,"86":0,"87":0,"88":0,"89":0,"90":0,"91":0,"92":30,"93":120,"94":1,"95":6},"f":{"0":31,"1":0,"2":0,"3":2,"4":2,"5":0,"6":0,"7":0,"8":0,"9":0,"10":0,"11":0,"12":0,"13":0,"14":0,"15":0,"16":10,"17":10,"18":7,"19":10,"20":10,"21":0,"22":0,"23":0,"24":0,"25":0,"26":120,"27":1,"28":6},"b":{"0":[30,6],"1":[0,0],"2":[0,2],"3":[0,0],"4":[0,0],"5":[0,0],"6":[0,0],"7":[0,0],"8":[0,0],"9":[0,0],"10":[0,0],"11":[10,0],"12":[7,0],"13":[1,0],"14":[0,0],"15":[30,90],"16":[0,30],"17":[30,11,6],"18":[2,4],"19":[2,4],"20":[6,2],"21":[30,1],"22":[19,11],"23":[5,6],"24":[0,5],"25":[3,2],"26":[6,0]}}
,"C:\\Users\\bhata\\OneDrive\\Desktop\\development\\projects\\AutoDreamApplier\\frontend\\src\\components\\settings\\notifications-form.tsx": {"path":"C:\\Users\\bhata\\OneDrive\\Desktop\\development\\projects\\AutoDreamApplier\\frontend\\src\\components\\settings\\notifications-form.tsx","statementMap":{"0":{"start":{"line":30,"column":0},"end":{"line":30,"column":16}},"1":{"start":{"line":3,"column":0},"end":{"line":3,"column":44}},"2":{"start":{"line":4,"column":0},"end":{"line":4,"column":36}},"3":{"start":{"line":5,"column":0},"end":{"line":5,"column":48}},"4":{"start":{"line":6,"column":0},"end":{"line":6,"column":46}},"5":{"start":{"line":7,"column":0},"end":{"line":7,"column":46}},"6":{"start":{"line":8,"column":0},"end":{"line":8,"column":48}},"7":{"start":{"line":9,"column":0},"end":{"line":9,"column":46}},"8":{"start":{"line":10,"column":0},"end":{"line":10,"column":97}},"9":{"start":{"line":11,"column":0},"end":{"line":11,"column":60}},"10":{"start":{"line":13,"column":80},"end":{"line":18,"column":2}},"11":{"start":{"line":21,"column":2},"end":{"line":21,"column":24}},"12":{"start":{"line":21,"column":12},"end":{"line":21,"column":24}},"13":{"start":{"line":22,"column":2},"end":{"line":27,"column":3}},"14":{"start":{"line":23,"column":14},"end":{"line":23,"column":26}},"15":{"start":{"line":24,"column":4},"end":{"line":24,"column":35}},"16":{"start":{"line":26,"column":4},"end":{"line":26,"column":17}},"17":{"start":{"line":31,"column":44},"end":{"line":31,"column":56}},"18":{"start":{"line":32,"column":44},"end":{"line":32,"column":56}},"19":{"start":{"line":33,"column":44},"end":{"line":33,"column":89}},"20":{"start":{"line":34,"column":44},"end":{"line":34,"column":58}},"21":{"start":{"line":35,"column":44},"end":{"line":35,"column":59}},"22":{"start":{"line":36,"column":44},"end":{"line":36,"column":59}},"23":{"start":{"line":37,"column":44},"end":{"line":37,"column":73}},"24":{"start":{"line":38,"column":44},"end":{"line":38,"column":99}},"25":{"start":{"line":40,"column":2},"end":{"line":53,"column":9}},"26":{"start":{"line":41,"column":4},"end":{"line":52,"column":56}},"27":{"start":{"line":43,"column":8},"end":{"line":43,"column":45}},"28":{"start":{"line":44,"column":8},"end":{"line":44,"column":49}},"29":{"start":{"line":45,"column":8},"end":{"line":49,"column":10}},"30":{"start":{"line":50,"column":8},"end":{"line":50,"column":53}},"31":{"start":{"line":56,"column":4},"end":{"line":58,"column":6}},"32":{"start":{"line":57,"column":6},"end":{"line":57,"column":79}},"33":{"start":{"line":57,"column":48},"end":{"line":57,"column":59}},"34":{"start":{"line":62,"column":4},"end":{"line":65,"column":5}},"35":{"start":{"line":63,"column":6},"end":{"line":63,"column":66}},"36":{"start":{"line":64,"column":6},"end":{"line":64,"column":13}},"37":{"start":{"line":66,"column":4},"end":{"line":69,"column":5}},"38":{"start":{"line":67,"column":6},"end":{"line":67,"column":68}},"39":{"start":{"line":68,"column":6},"end":{"line":68,"column":13}},"40":{"start":{"line":71,"column":4},"end":{"line":71,"column":20}},"41":{"start":{"line":72,"column":4},"end":{"line":72,"column":19}},"42":{"start":{"line":73,"column":4},"end":{"line":73,"column":22}},"43":{"start":{"line":74,"column":4},"end":{"line":92,"column":5}},"44":{"start":{"line":76,"column":23},"end":{"line":76,"column":45}},"45":{"start":{"line":77,"column":6},"end":{"line":83,"column":9}},"46":{"start":{"line":84,"column":6},"end":{"line":84,"column":23}},"47":{"start":{"line":85,"column":6},"end":{"line":85,"column":28}},"48":{"start":{"line":86,"column":6},"end":{"line":86,"column":48}},"49":{"start":{"line":86,"column":23},"end":{"line":86,"column":40}},"50":{"start":{"line":88,"column":6},"end":{"line":88,"column":64}},"51":{"start":{"line":89,"column":6},"end":{"line":89,"column":89}},"52":{"start":{"line":91,"column":6},"end":{"line":91,"column":23}},"53":{"start":{"line":96,"column":16},"end":{"line":96,"column":38}},"54":{"start":{"line":97,"column":4},"end":{"line":100,"column":5}},"55":{"start":{"line":98,"column":6},"end":{"line":98,"column":64}},"56":{"start":{"line":99,"column":6},"end":{"line":99,"column":13}},"57":{"start":{"line":101,"column":4},"end":{"line":104,"column":5}},"58":{"start":{"line":102,"column":6},"end":{"line":102,"column":60}},"59":{"start":{"line":103,"column":6},"end":{"line":103,"column":13}},"60":{"start":{"line":105,"column":4},"end":{"line":105,"column":29}},"61":{"start":{"line":106,"column":4},"end":{"line":106,"column":19}},"62":{"start":{"line":107,"column":4},"end":{"line":126,"column":5}},"63":{"start":{"line":109,"column":23},"end":{"line":109,"column":45}},"64":{"start":{"line":110,"column":6},"end":{"line":116,"column":9}},"65":{"start":{"line":119,"column":6},"end":{"line":119,"column":28}},"66":{"start":{"line":120,"column":6},"end":{"line":120,"column":52}},"67":{"start":{"line":120,"column":23},"end":{"line":120,"column":44}},"68":{"start":{"line":122,"column":6},"end":{"line":122,"column":71}},"69":{"start":{"line":123,"column":6},"end":{"line":123,"column":29}},"70":{"start":{"line":124,"column":6},"end":{"line":124,"column":64}},"71":{"start":{"line":125,"column":6},"end":{"line":125,"column":52}},"72":{"start":{"line":125,"column":23},"end":{"line":125,"column":44}},"73":{"start":{"line":129,"column":2},"end":{"line":223,"column":4}},"74":{"start":{"line":159,"column":29},"end":{"line":159,"column":56}},"75":{"start":{"line":170,"column":29},"end":{"line":170,"column":58}},"76":{"start":{"line":180,"column":16},"end":{"line":181,"column":null}},"77":{"start":{"line":187,"column":36},"end":{"line":187,"column":57}}},"fnMap":{"0":{"name":"isValidWebhookUrl","decl":{"start":{"line":20,"column":9},"end":{"line":20,"column":26}},"loc":{"start":{"line":20,"column":38},"end":{"line":28,"column":1}}},"1":{"name":"NotificationsForm","decl":{"start":{"line":30,"column":16},"end":{"line":30,"column":33}},"loc":{"start":{"line":30,"column":33},"end":{"line":224,"column":1}}},"2":{"name":"(anonymous_2)","decl":{"start":{"line":40,"column":12},"end":{"line":40,"column":15}},"loc":{"start":{"line":40,"column":17},"end":{"line":53,"column":3}}},"3":{"name":"(anonymous_3)","decl":{"start":{"line":42,"column":12},"end":{"line":42,"column":13}},"loc":{"start":{"line":42,"column":18},"end":{"line":51,"column":7}}},"4":{"name":"(anonymous_4)","decl":{"start":{"line":52,"column":13},"end":{"line":52,"column":16}},"loc":{"start":{"line":52,"column":18},"end":{"line":52,"column":54}}},"5":{"name":"toggleEvent","decl":{"start":{"line":55,"column":11},"end":{"line":55,"column":22}},"loc":{"start":{"line":55,"column":36},"end":{"line":59,"column":3}}},"6":{"name":"(anonymous_6)","decl":{"start":{"line":56,"column":21},"end":{"line":56,"column":22}},"loc":{"start":{"line":57,"column":6},"end":{"line":57,"column":79}}},"7":{"name":"(anonymous_7)","decl":{"start":{"line":57,"column":41},"end":{"line":57,"column":42}},"loc":{"start":{"line":57,"column":48},"end":{"line":57,"column":59}}},"8":{"name":"handleSave","decl":{"start":{"line":61,"column":17},"end":{"line":61,"column":27}},"loc":{"start":{"line":61,"column":27},"end":{"line":93,"column":3}}},"9":{"name":"(anonymous_9)","decl":{"start":{"line":86,"column":17},"end":{"line":86,"column":20}},"loc":{"start":{"line":86,"column":23},"end":{"line":86,"column":40}}},"10":{"name":"handleTestWebhook","decl":{"start":{"line":95,"column":17},"end":{"line":95,"column":34}},"loc":{"start":{"line":95,"column":34},"end":{"line":127,"column":3}}},"11":{"name":"(anonymous_11)","decl":{"start":{"line":120,"column":17},"end":{"line":120,"column":20}},"loc":{"start":{"line":120,"column":23},"end":{"line":120,"column":44}}},"12":{"name":"(anonymous_12)","decl":{"start":{"line":125,"column":17},"end":{"line":125,"column":20}},"loc":{"start":{"line":125,"column":23},"end":{"line":125,"column":44}}},"13":{"name":"(anonymous_13)","decl":{"start":{"line":159,"column":22},"end":{"line":159,"column":23}},"loc":{"start":{"line":159,"column":29},"end":{"line":159,"column":56}}},"14":{"name":"(anonymous_14)","decl":{"start":{"line":170,"column":22},"end":{"line":170,"column":23}},"loc":{"start":{"line":170,"column":29},"end":{"line":170,"column":58}}},"15":{"name":"(anonymous_15)","decl":{"start":{"line":179,"column":34},"end":{"line":179,"column":35}},"loc":{"start":{"line":180,"column":16},"end":{"line":181,"column":null}}},"16":{"name":"(anonymous_16)","decl":{"start":{"line":187,"column":30},"end":{"line":187,"column":33}},"loc":{"start":{"line":187,"column":36},"end":{"line":187,"column":57}}}},"branchMap":{"0":{"loc":{"start":{"line":21,"column":2},"end":{"line":21,"column":24}},"type":"if","locations":[{"start":{"line":21,"column":2},"end":{"line":21,"column":24}},{"start":{},"end":{}}]},"1":{"loc":{"start":{"line":43,"column":20},"end":{"line":43,"column":43}},"type":"cond-expr","locations":[{"start":{"line":43,"column":37},"end":{"line":43,"column":41}},{"start":{"line":43,"column":41},"end":{"line":43,"column":43}}]},"2":{"loc":{"start":{"line":43,"column":20},"end":{"line":43,"column":41}},"type":"binary-expr","locations":[{"start":{"line":43,"column":20},"end":{"line":43,"column":41}},{"start":{"line":43,"column":37},"end":{"line":43,"column":41}}]},"3":{"loc":{"start":{"line":44,"column":22},"end":{"line":44,"column":47}},"type":"cond-expr","locations":[{"start":{"line":44,"column":41},"end":{"line":44,"column":45}},{"start":{"line":44,"column":45},"end":{"line":44,"column":47}}]},"4":{"loc":{"start":{"line":44,"column":22},"end":{"line":44,"column":45}},"type":"binary-expr","locations":[{"start":{"line":44,"column":22},"end":{"line":44,"column":45}},{"start":{"line":44,"column":41},"end":{"line":44,"column":45}}]},"5":{"loc":{"start":{"line":46,"column":10},"end":{"line":48,"column":39}},"type":"cond-expr","locations":[{"start":{"line":47,"column":14},"end":{"line":47,"column":29}},{"start":{"line":48,"column":14},"end":{"line":48,"column":39}}]},"6":{"loc":{"start":{"line":46,"column":10},"end":{"line":46,"column":55}},"type":"binary-expr","locations":[{"start":{"line":46,"column":10},"end":{"line":46,"column":25}},{"start":{"line":46,"column":29},"end":{"line":46,"column":55}}]},"7":{"loc":{"start":{"line":50,"column":23},"end":{"line":50,"column":51}},"type":"cond-expr","locations":[{"start":{"line":50,"column":43},"end":{"line":50,"column":47}},{"start":{"line":50,"column":47},"end":{"line":50,"column":51}}]},"8":{"loc":{"start":{"line":50,"column":23},"end":{"line":50,"column":47}},"type":"binary-expr","locations":[{"start":{"line":50,"column":23},"end":{"line":50,"column":47}},{"start":{"line":50,"column":43},"end":{"line":50,"column":47}}]},"9":{"loc":{"start":{"line":57,"column":6},"end":{"line":57,"column":79}},"type":"cond-expr","locations":[{"start":{"line":57,"column":29},"end":{"line":57,"column":60}},{"start":{"line":57,"column":63},"end":{"line":57,"column":79}}]},"10":{"loc":{"start":{"line":62,"column":4},"end":{"line":65,"column":5}},"type":"if","locations":[{"start":{"line":62,"column":4},"end":{"line":65,"column":5}},{"start":{},"end":{}}]},"11":{"loc":{"start":{"line":62,"column":8},"end":{"line":62,"column":48}},"type":"binary-expr","locations":[{"start":{"line":62,"column":8},"end":{"line":62,"column":16}},{"start":{"line":62,"column":20},"end":{"line":62,"column":48}}]},"12":{"loc":{"start":{"line":66,"column":4},"end":{"line":69,"column":5}},"type":"if","locations":[{"start":{"line":66,"column":4},"end":{"line":69,"column":5}},{"start":{},"end":{}}]},"13":{"loc":{"start":{"line":66,"column":8},"end":{"line":66,"column":52}},"type":"binary-expr","locations":[{"start":{"line":66,"column":8},"end":{"line":66,"column":18}},{"start":{"line":66,"column":22},"end":{"line":66,"column":52}}]},"14":{"loc":{"start":{"line":79,"column":25},"end":{"line":79,"column":46}},"type":"binary-expr","locations":[{"start":{"line":79,"column":25},"end":{"line":79,"column":33}},{"start":{"line":79,"column":37},"end":{"line":79,"column":46}}]},"15":{"loc":{"start":{"line":80,"column":27},"end":{"line":80,"column":50}},"type":"binary-expr","locations":[{"start":{"line":80,"column":27},"end":{"line":80,"column":37}},{"start":{"line":80,"column":41},"end":{"line":80,"column":50}}]},"16":{"loc":{"start":{"line":89,"column":15},"end":{"line":89,"column":87}},"type":"cond-expr","locations":[{"start":{"line":89,"column":36},"end":{"line":89,"column":45}},{"start":{"line":89,"column":48},"end":{"line":89,"column":87}}]},"17":{"loc":{"start":{"line":96,"column":16},"end":{"line":96,"column":38}},"type":"binary-expr","locations":[{"start":{"line":96,"column":16},"end":{"line":96,"column":24}},{"start":{"line":96,"column":28},"end":{"line":96,"column":38}}]},"18":{"loc":{"start":{"line":97,"column":4},"end":{"line":100,"column":5}},"type":"if","locations":[{"start":{"line":97,"column":4},"end":{"line":100,"column":5}},{"start":{},"end":{}}]},"19":{"loc":{"start":{"line":101,"column":4},"end":{"line":104,"column":5}},"type":"if","locations":[{"start":{"line":101,"column":4},"end":{"line":104,"column":5}},{"start":{},"end":{}}]},"20":{"loc":{"start":{"line":112,"column":25},"end":{"line":112,"column":46}},"type":"binary-expr","locations":[{"start":{"line":112,"column":25},"end":{"line":112,"column":33}},{"start":{"line":112,"column":37},"end":{"line":112,"column":46}}]},"21":{"loc":{"start":{"line":113,"column":27},"end":{"line":113,"column":50}},"type":"binary-expr","locations":[{"start":{"line":113,"column":27},"end":{"line":113,"column":37}},{"start":{"line":113,"column":41},"end":{"line":113,"column":50}}]},"22":{"loc":{"start":{"line":124,"column":15},"end":{"line":124,"column":62}},"type":"cond-expr","locations":[{"start":{"line":124,"column":36},"end":{"line":124,"column":45}},{"start":{"line":124,"column":48},"end":{"line":124,"column":62}}]},"23":{"loc":{"start":{"line":138,"column":9},"end":{"line":138,"column":58}},"type":"binary-expr","locations":[{"start":{"line":138,"column":9},"end":{"line":138,"column":14}},{"start":{"line":138,"column":20},"end":{"line":138,"column":58}}]},"24":{"loc":{"start":{"line":139,"column":9},"end":{"line":139,"column":81}},"type":"binary-expr","locations":[{"start":{"line":139,"column":9},"end":{"line":139,"column":16}},{"start":{"line":139,"column":20},"end":{"line":139,"column":81}}]},"25":{"loc":{"start":{"line":175,"column":9},"end":{"line":199,"column":null}},"type":"binary-expr","locations":[{"start":{"line":175,"column":10},"end":{"line":175,"column":18}},{"start":{"line":175,"column":22},"end":{"line":175,"column":32}},{"start":{"line":176,"column":10},"end":{"line":198,"column":null}}]},"26":{"loc":{"start":{"line":207,"column":11},"end":{"line":218,"column":null}},"type":"binary-expr","locations":[{"start":{"line":207,"column":12},"end":{"line":207,"column":20}},{"start":{"line":207,"column":24},"end":{"line":207,"column":34}},{"start":{"line":208,"column":12},"end":{"line":217,"column":null}}]},"27":{"loc":{"start":{"line":215,"column":15},"end":{"line":217,"column":26}},"type":"cond-expr","locations":[{"start":{"line":215,"column":40},"end":{"line":215,"column":47}},{"start":{"line":216,"column":15},"end":{"line":217,"column":26}}]},"28":{"loc":{"start":{"line":216,"column":15},"end":{"line":217,"column":26}},"type":"cond-expr","locations":[{"start":{"line":216,"column":40},"end":{"line":216,"column":48}},{"start":{"line":217,"column":15},"end":{"line":217,"column":26}}]}},"s":{"0":1,"1":1,"2":1,"3":1,"4":1,"5":1,"6":1,"7":1,"8":1,"9":1,"10":1,"11":2,"12":0,"13":2,"14":2,"15":1,"16":1,"17":164,"18":163,"19":163,"20":163,"21":163,"22":163,"23":163,"24":163,"25":163,"26":11,"27":11,"28":11,"29":11,"30":11,"31":0,"32":0,"33":0,"34":3,"35":1,"36":1,"37":2,"38":1,"39":1,"40":1,"41":1,"42":1,"43":1,"44":1,"45":1,"46":1,"47":1,"48":1,"49":0,"50":0,"51":0,"52":1,"53":0,"54":0,"55":0,"56":0,"57":0,"58":0,"59":0,"60":0,"61":0,"62":0,"63":0,"64":0,"65":0,"66":0,"67":0,"68":0,"69":0,"70":0,"71":0,"72":0,"73":163,"74":83,"75":59,"76":576,"77":0},"f":{"0":2,"1":164,"2":11,"3":11,"4":0,"5":0,"6":0,"7":0,"8":3,"9":0,"10":0,"11":0,"12":0,"13":83,"14":59,"15":576,"16":0},"b":{"0":[0,2],"1":[11,0],"2":[11,11],"3":[11,0],"4":[11,11],"5":[11,0],"6":[11,11],"7":[11,0],"8":[11,11],"9":[0,0],"10":[1,2],"11":[3,1],"12":[1,1],"13":[2,1],"14":[1,1],"15":[1,1],"16":[0,0],"17":[0,0],"18":[0,0],"19":[0,0],"20":[0,0],"21":[0,0],"22":[0,0],"23":[163,2],"24":[163,1],"25":[163,79,144],"26":[163,79,144],"27":[0,144],"28":[0,144]}}
,"C:\\Users\\bhata\\OneDrive\\Desktop\\development\\projects\\AutoDreamApplier\\frontend\\src\\components\\settings\\preferences-form.tsx": {"path":"C:\\Users\\bhata\\OneDrive\\Desktop\\development\\projects\\AutoDreamApplier\\frontend\\src\\components\\settings\\preferences-form.tsx","statementMap":{"0":{"start":{"line":47,"column":0},"end":{"line":47,"column":16}},"1":{"start":{"line":3,"column":0},"end":{"line":3,"column":52}},"2":{"start":{"line":4,"column":0},"end":{"line":4,"column":54}},"3":{"start":{"line":5,"column":0},"end":{"line":5,"column":48}},"4":{"start":{"line":6,"column":0},"end":{"line":6,"column":46}},"5":{"start":{"line":7,"column":0},"end":{"line":7,"column":46}},"6":{"start":{"line":8,"column":0},"end":{"line":8,"column":48}},"7":{"start":{"line":9,"column":0},"end":{"line":9,"column":48}},"8":{"start":{"line":10,"column":0},"end":{"line":10,"column":46}},"9":{"start":{"line":11,"column":0},"end":{"line":11,"column":97}},"10":{"start":{"line":12,"column":0},"end":{"line":12,"column":60}},"11":{"start":{"line":16,"column":18},"end":{"line":39,"column":2}},"12":{"start":{"line":41,"column":14},"end":{"line":45,"column":2}},"13":{"start":{"line":42,"column":12},"end":{"line":42,"column":24}},"14":{"start":{"line":43,"column":15},"end":{"line":43,"column":35}},"15":{"start":{"line":44,"column":2},"end":{"line":44,"column":48}},"16":{"start":{"line":49,"column":30},"end":{"line":49,"column":52}},"17":{"start":{"line":50,"column":38},"end":{"line":50,"column":50}},"18":{"start":{"line":51,"column":36},"end":{"line":51,"column":58}},"19":{"start":{"line":52,"column":44},"end":{"line":52,"column":56}},"20":{"start":{"line":53,"column":38},"end":{"line":53,"column":60}},"21":{"start":{"line":54,"column":46},"end":{"line":54,"column":58}},"22":{"start":{"line":55,"column":38},"end":{"line":55,"column":65}},"23":{"start":{"line":56,"column":36},"end":{"line":56,"column":48}},"24":{"start":{"line":57,"column":36},"end":{"line":57,"column":48}},"25":{"start":{"line":58,"column":48},"end":{"line":58,"column":62}},"26":{"start":{"line":61,"column":50},"end":{"line":61,"column":65}},"27":{"start":{"line":62,"column":38},"end":{"line":62,"column":50}},"28":{"start":{"line":63,"column":36},"end":{"line":63,"column":47}},"29":{"start":{"line":64,"column":32},"end":{"line":64,"column":44}},"30":{"start":{"line":65,"column":34},"end":{"line":65,"column":62}},"31":{"start":{"line":66,"column":40},"end":{"line":66,"column":55}},"32":{"start":{"line":68,"column":27},"end":{"line":68,"column":40}},"33":{"start":{"line":71,"column":30},"end":{"line":71,"column":45}},"34":{"start":{"line":72,"column":32},"end":{"line":72,"column":47}},"35":{"start":{"line":73,"column":28},"end":{"line":73,"column":57}},"36":{"start":{"line":75,"column":2},"end":{"line":92,"column":9}},"37":{"start":{"line":76,"column":4},"end":{"line":91,"column":56}},"38":{"start":{"line":78,"column":8},"end":{"line":78,"column":40}},"39":{"start":{"line":79,"column":8},"end":{"line":79,"column":40}},"40":{"start":{"line":80,"column":8},"end":{"line":80,"column":42}},"41":{"start":{"line":81,"column":8},"end":{"line":81,"column":45}},"42":{"start":{"line":82,"column":8},"end":{"line":82,"column":61}},"43":{"start":{"line":83,"column":8},"end":{"line":83,"column":61}},"44":{"start":{"line":84,"column":8},"end":{"line":84,"column":91}},"45":{"start":{"line":85,"column":8},"end":{"line":85,"column":57}},"46":{"start":{"line":86,"column":8},"end":{"line":86,"column":53}},"47":{"start":{"line":87,"column":8},"end":{"line":87,"column":44}},"48":{"start":{"line":88,"column":8},"end":{"line":88,"column":41}},"49":{"start":{"line":89,"column":8},"end":{"line":89,"column":59}},"50":{"start":{"line":101,"column":20},"end":{"line":101,"column":32}},"51":{"start":{"line":102,"column":4},"end":{"line":102,"column":72}},"52":{"start":{"line":102,"column":44},"end":{"line":102,"column":72}},"53":{"start":{"line":103,"column":4},"end":{"line":103,"column":17}},"54":{"start":{"line":107,"column":4},"end":{"line":107,"column":44}},"55":{"start":{"line":107,"column":31},"end":{"line":107,"column":41}},"56":{"start":{"line":121,"column":4},"end":{"line":135,"column":6}},"57":{"start":{"line":125,"column":27},"end":{"line":125,"column":51}},"58":{"start":{"line":128,"column":12},"end":{"line":128,"column":67}},"59":{"start":{"line":128,"column":37},"end":{"line":128,"column":56}},"60":{"start":{"line":128,"column":57},"end":{"line":128,"column":65}},"61":{"start":{"line":147,"column":4},"end":{"line":147,"column":40}},"62":{"start":{"line":147,"column":28},"end":{"line":147,"column":40}},"63":{"start":{"line":148,"column":4},"end":{"line":162,"column":6}},"64":{"start":{"line":151,"column":10},"end":{"line":152,"column":null}},"65":{"start":{"line":156,"column":35},"end":{"line":156,"column":46}},"66":{"start":{"line":167,"column":4},"end":{"line":173,"column":5}},"67":{"start":{"line":169,"column":6},"end":{"line":169,"column":38}},"68":{"start":{"line":170,"column":6},"end":{"line":170,"column":27}},"69":{"start":{"line":172,"column":6},"end":{"line":172,"column":33}},"70":{"start":{"line":177,"column":4},"end":{"line":177,"column":50}},"71":{"start":{"line":178,"column":4},"end":{"line":178,"column":26}},"72":{"start":{"line":182,"column":4},"end":{"line":182,"column":37}},"73":{"start":{"line":183,"column":4},"end":{"line":183,"column":26}},"74":{"start":{"line":188,"column":4},"end":{"line":188,"column":88}},"75":{"start":{"line":188,"column":31},"end":{"line":188,"column":78}},"76":{"start":{"line":188,"column":79},"end":{"line":188,"column":86}},"77":{"start":{"line":189,"column":21},"end":{"line":189,"column":39}},"78":{"start":{"line":190,"column":4},"end":{"line":190,"column":101}},"79":{"start":{"line":190,"column":41},"end":{"line":190,"column":91}},"80":{"start":{"line":190,"column":92},"end":{"line":190,"column":99}},"81":{"start":{"line":191,"column":4},"end":{"line":191,"column":96}},"82":{"start":{"line":191,"column":32},"end":{"line":191,"column":86}},"83":{"start":{"line":191,"column":87},"end":{"line":191,"column":94}},"84":{"start":{"line":193,"column":4},"end":{"line":193,"column":20}},"85":{"start":{"line":194,"column":4},"end":{"line":194,"column":19}},"86":{"start":{"line":195,"column":4},"end":{"line":195,"column":22}},"87":{"start":{"line":196,"column":4},"end":{"line":219,"column":5}},"88":{"start":{"line":197,"column":6},"end":{"line":211,"column":9}},"89":{"start":{"line":212,"column":6},"end":{"line":212,"column":23}},"90":{"start":{"line":213,"column":6},"end":{"line":213,"column":48}},"91":{"start":{"line":213,"column":23},"end":{"line":213,"column":40}},"92":{"start":{"line":215,"column":6},"end":{"line":215,"column":62}},"93":{"start":{"line":216,"column":6},"end":{"line":216,"column":79}},"94":{"start":{"line":218,"column":6},"end":{"line":218,"column":23}},"95":{"start":{"line":222,"column":2},"end":{"line":444,"column":4}},"96":{"start":{"line":269,"column":27},"end":{"line":269,"column":79}},"97":{"start":{"line":272,"column":53},"end":{"line":272,"column":84}},"98":{"start":{"line":281,"column":27},"end":{"line":281,"column":91}},"99":{"start":{"line":286,"column":31},"end":{"line":286,"column":68}},"100":{"start":{"line":296,"column":31},"end":{"line":296,"column":74}},"101":{"start":{"line":313,"column":33},"end":{"line":313,"column":61}},"102":{"start":{"line":319,"column":33},"end":{"line":319,"column":61}},"103":{"start":{"line":330,"column":27},"end":{"line":330,"column":95}},"104":{"start":{"line":335,"column":31},"end":{"line":335,"column":70}},"105":{"start":{"line":388,"column":37},"end":{"line":388,"column":74}},"106":{"start":{"line":399,"column":39},"end":{"line":399,"column":75}},"107":{"start":{"line":403,"column":24},"end":{"line":403,"column":46}},"108":{"start":{"line":409,"column":39},"end":{"line":409,"column":73}},"109":{"start":{"line":413,"column":24},"end":{"line":413,"column":46}},"110":{"start":{"line":427,"column":37},"end":{"line":427,"column":64}},"111":{"start":{"line":430,"column":22},"end":{"line":430,"column":39}}},"fnMap":{"0":{"name":"(anonymous_0)","decl":{"start":{"line":41,"column":41},"end":{"line":41,"column":42}},"loc":{"start":{"line":41,"column":50},"end":{"line":45,"column":1}}},"1":{"name":"PreferencesForm","decl":{"start":{"line":47,"column":16},"end":{"line":47,"column":31}},"loc":{"start":{"line":47,"column":31},"end":{"line":445,"column":1}}},"2":{"name":"(anonymous_2)","decl":{"start":{"line":75,"column":12},"end":{"line":75,"column":15}},"loc":{"start":{"line":75,"column":17},"end":{"line":92,"column":3}}},"3":{"name":"(anonymous_3)","decl":{"start":{"line":77,"column":12},"end":{"line":77,"column":13}},"loc":{"start":{"line":77,"column":18},"end":{"line":90,"column":7}}},"4":{"name":"(anonymous_4)","decl":{"start":{"line":91,"column":13},"end":{"line":91,"column":16}},"loc":{"start":{"line":91,"column":18},"end":{"line":91,"column":54}}},"5":{"name":"addTag","decl":{"start":{"line":95,"column":11},"end":{"line":95,"column":17}},"loc":{"start":{"line":99,"column":33},"end":{"line":104,"column":3}}},"6":{"name":"removeTag","decl":{"start":{"line":106,"column":11},"end":{"line":106,"column":20}},"loc":{"start":{"line":106,"column":81},"end":{"line":108,"column":3}}},"7":{"name":"(anonymous_7)","decl":{"start":{"line":107,"column":24},"end":{"line":107,"column":25}},"loc":{"start":{"line":107,"column":31},"end":{"line":107,"column":41}}},"8":{"name":"TagInput","decl":{"start":{"line":110,"column":11},"end":{"line":110,"column":19}},"loc":{"start":{"line":120,"column":3},"end":{"line":136,"column":3}}},"9":{"name":"(anonymous_9)","decl":{"start":{"line":125,"column":20},"end":{"line":125,"column":21}},"loc":{"start":{"line":125,"column":27},"end":{"line":125,"column":51}}},"10":{"name":"(anonymous_10)","decl":{"start":{"line":127,"column":21},"end":{"line":127,"column":22}},"loc":{"start":{"line":127,"column":27},"end":{"line":129,"column":11}}},"11":{"name":"TagList","decl":{"start":{"line":138,"column":11},"end":{"line":138,"column":18}},"loc":{"start":{"line":146,"column":3},"end":{"line":163,"column":3}}},"12":{"name":"(anonymous_12)","decl":{"start":{"line":150,"column":19},"end":{"line":150,"column":20}},"loc":{"start":{"line":151,"column":10},"end":{"line":152,"column":null}}},"13":{"name":"(anonymous_13)","decl":{"start":{"line":156,"column":29},"end":{"line":156,"column":32}},"loc":{"start":{"line":156,"column":35},"end":{"line":156,"column":46}}},"14":{"name":"handleAutoApplyToggle","decl":{"start":{"line":166,"column":11},"end":{"line":166,"column":32}},"loc":{"start":{"line":166,"column":46},"end":{"line":174,"column":3}}},"15":{"name":"confirmAutoApply","decl":{"start":{"line":176,"column":11},"end":{"line":176,"column":27}},"loc":{"start":{"line":176,"column":27},"end":{"line":179,"column":3}}},"16":{"name":"cancelAutoApply","decl":{"start":{"line":181,"column":11},"end":{"line":181,"column":26}},"loc":{"start":{"line":181,"column":26},"end":{"line":184,"column":3}}},"17":{"name":"handleSave","decl":{"start":{"line":187,"column":17},"end":{"line":187,"column":27}},"loc":{"start":{"line":187,"column":27},"end":{"line":220,"column":3}}},"18":{"name":"(anonymous_18)","decl":{"start":{"line":213,"column":17},"end":{"line":213,"column":20}},"loc":{"start":{"line":213,"column":23},"end":{"line":213,"column":40}}},"19":{"name":"(anonymous_19)","decl":{"start":{"line":269,"column":21},"end":{"line":269,"column":24}},"loc":{"start":{"line":269,"column":27},"end":{"line":269,"column":79}}},"20":{"name":"(anonymous_20)","decl":{"start":{"line":272,"column":46},"end":{"line":272,"column":47}},"loc":{"start":{"line":272,"column":53},"end":{"line":272,"column":84}}},"21":{"name":"(anonymous_21)","decl":{"start":{"line":281,"column":21},"end":{"line":281,"column":24}},"loc":{"start":{"line":281,"column":27},"end":{"line":281,"column":91}}},"22":{"name":"(anonymous_22)","decl":{"start":{"line":286,"column":24},"end":{"line":286,"column":25}},"loc":{"start":{"line":286,"column":31},"end":{"line":286,"column":68}}},"23":{"name":"(anonymous_23)","decl":{"start":{"line":296,"column":24},"end":{"line":296,"column":25}},"loc":{"start":{"line":296,"column":31},"end":{"line":296,"column":74}}},"24":{"name":"(anonymous_24)","decl":{"start":{"line":313,"column":26},"end":{"line":313,"column":27}},"loc":{"start":{"line":313,"column":33},"end":{"line":313,"column":61}}},"25":{"name":"(anonymous_25)","decl":{"start":{"line":319,"column":26},"end":{"line":319,"column":27}},"loc":{"start":{"line":319,"column":33},"end":{"line":319,"column":61}}},"26":{"name":"(anonymous_26)","decl":{"start":{"line":330,"column":21},"end":{"line":330,"column":24}},"loc":{"start":{"line":330,"column":27},"end":{"line":330,"column":95}}},"27":{"name":"(anonymous_27)","decl":{"start":{"line":335,"column":24},"end":{"line":335,"column":25}},"loc":{"start":{"line":335,"column":31},"end":{"line":335,"column":70}}},"28":{"name":"(anonymous_28)","decl":{"start":{"line":388,"column":30},"end":{"line":388,"column":31}},"loc":{"start":{"line":388,"column":37},"end":{"line":388,"column":74}}},"29":{"name":"(anonymous_29)","decl":{"start":{"line":399,"column":32},"end":{"line":399,"column":33}},"loc":{"start":{"line":399,"column":39},"end":{"line":399,"column":75}}},"30":{"name":"(anonymous_30)","decl":{"start":{"line":402,"column":33},"end":{"line":402,"column":34}},"loc":{"start":{"line":403,"column":24},"end":{"line":403,"column":46}}},"31":{"name":"(anonymous_31)","decl":{"start":{"line":409,"column":32},"end":{"line":409,"column":33}},"loc":{"start":{"line":409,"column":39},"end":{"line":409,"column":73}}},"32":{"name":"(anonymous_32)","decl":{"start":{"line":412,"column":33},"end":{"line":412,"column":34}},"loc":{"start":{"line":413,"column":24},"end":{"line":413,"column":46}}},"33":{"name":"(anonymous_33)","decl":{"start":{"line":427,"column":30},"end":{"line":427,"column":31}},"loc":{"start":{"line":427,"column":37},"end":{"line":427,"column":64}}},"34":{"name":"(anonymous_34)","decl":{"start":{"line":429,"column":35},"end":{"line":429,"column":36}},"loc":{"start":{"line":430,"column":22},"end":{"line":430,"column":39}}}},"branchMap":{"0":{"loc":{"start":{"line":42,"column":12},"end":{"line":42,"column":24}},"type":"binary-expr","locations":[{"start":{"line":42,"column":12},"end":{"line":42,"column":18}},{"start":{"line":42,"column":22},"end":{"line":42,"column":24}}]},"1":{"loc":{"start":{"line":43,"column":15},"end":{"line":43,"column":35}},"type":"cond-expr","locations":[{"start":{"line":43,"column":24},"end":{"line":43,"column":28}},{"start":{"line":43,"column":31},"end":{"line":43,"column":35}}]},"2":{"loc":{"start":{"line":78,"column":18},"end":{"line":78,"column":38}},"type":"cond-expr","locations":[{"start":{"line":78,"column":32},"end":{"line":78,"column":36}},{"start":{"line":78,"column":36},"end":{"line":78,"column":38}}]},"3":{"loc":{"start":{"line":78,"column":18},"end":{"line":78,"column":36}},"type":"binary-expr","locations":[{"start":{"line":78,"column":18},"end":{"line":78,"column":36}},{"start":{"line":78,"column":32},"end":{"line":78,"column":36}}]},"4":{"loc":{"start":{"line":79,"column":21},"end":{"line":79,"column":38}},"type":"cond-expr","locations":[{"start":{"line":79,"column":32},"end":{"line":79,"column":36}},{"start":{"line":79,"column":36},"end":{"line":79,"column":38}}]},"5":{"loc":{"start":{"line":79,"column":21},"end":{"line":79,"column":36}},"type":"binary-expr","locations":[{"start":{"line":79,"column":21},"end":{"line":79,"column":36}},{"start":{"line":79,"column":32},"end":{"line":79,"column":36}}]},"6":{"loc":{"start":{"line":80,"column":22},"end":{"line":80,"column":40}},"type":"cond-expr","locations":[{"start":{"line":80,"column":34},"end":{"line":80,"column":38}},{"start":{"line":80,"column":38},"end":{"line":80,"column":40}}]},"7":{"loc":{"start":{"line":80,"column":22},"end":{"line":80,"column":38}},"type":"binary-expr","locations":[{"start":{"line":80,"column":22},"end":{"line":80,"column":38}},{"start":{"line":80,"column":34},"end":{"line":80,"column":38}}]},"8":{"loc":{"start":{"line":81,"column":22},"end":{"line":81,"column":43}},"type":"cond-expr","locations":[{"start":{"line":81,"column":34},"end":{"line":81,"column":38}},{"start":{"line":81,"column":38},"end":{"line":81,"column":43}}]},"9":{"loc":{"start":{"line":81,"column":22},"end":{"line":81,"column":38}},"type":"binary-expr","locations":[{"start":{"line":81,"column":22},"end":{"line":81,"column":38}},{"start":{"line":81,"column":34},"end":{"line":81,"column":38}}]},"10":{"loc":{"start":{"line":82,"column":21},"end":{"line":82,"column":59}},"type":"cond-expr","locations":[{"start":{"line":82,"column":35},"end":{"line":82,"column":54}},{"start":{"line":82,"column":57},"end":{"line":82,"column":59}}]},"11":{"loc":{"start":{"line":83,"column":21},"end":{"line":83,"column":59}},"type":"cond-expr","locations":[{"start":{"line":83,"column":35},"end":{"line":83,"column":54}},{"start":{"line":83,"column":57},"end":{"line":83,"column":59}}]},"12":{"loc":{"start":{"line":84,"column":27},"end":{"line":84,"column":89}},"type":"cond-expr","locations":[{"start":{"line":84,"column":63},"end":{"line":84,"column":82}},{"start":{"line":84,"column":85},"end":{"line":84,"column":89}}]},"13":{"loc":{"start":{"line":85,"column":28},"end":{"line":85,"column":55}},"type":"cond-expr","locations":[{"start":{"line":85,"column":46},"end":{"line":85,"column":50}},{"start":{"line":85,"column":50},"end":{"line":85,"column":55}}]},"14":{"loc":{"start":{"line":85,"column":28},"end":{"line":85,"column":50}},"type":"binary-expr","locations":[{"start":{"line":85,"column":28},"end":{"line":85,"column":50}},{"start":{"line":85,"column":46},"end":{"line":85,"column":50}}]},"15":{"loc":{"start":{"line":86,"column":22},"end":{"line":86,"column":51}},"type":"cond-expr","locations":[{"start":{"line":86,"column":45},"end":{"line":86,"column":49}},{"start":{"line":86,"column":49},"end":{"line":86,"column":51}}]},"16":{"loc":{"start":{"line":86,"column":22},"end":{"line":86,"column":49}},"type":"binary-expr","locations":[{"start":{"line":86,"column":22},"end":{"line":86,"column":49}},{"start":{"line":86,"column":45},"end":{"line":86,"column":49}}]},"17":{"loc":{"start":{"line":87,"column":21},"end":{"line":87,"column":42}},"type":"cond-expr","locations":[{"start":{"line":87,"column":37},"end":{"line":87,"column":41}},{"start":{"line":87,"column":41},"end":{"line":87,"column":42}}]},"18":{"loc":{"start":{"line":87,"column":21},"end":{"line":87,"column":41}},"type":"binary-expr","locations":[{"start":{"line":87,"column":21},"end":{"line":87,"column":41}},{"start":{"line":87,"column":37},"end":{"line":87,"column":41}}]},"19":{"loc":{"start":{"line":88,"column":19},"end":{"line":88,"column":39}},"type":"cond-expr","locations":[{"start":{"line":88,"column":33},"end":{"line":88,"column":37}},{"start":{"line":88,"column":37},"end":{"line":88,"column":39}}]},"20":{"loc":{"start":{"line":88,"column":19},"end":{"line":88,"column":37}},"type":"binary-expr","locations":[{"start":{"line":88,"column":19},"end":{"line":88,"column":37}},{"start":{"line":88,"column":33},"end":{"line":88,"column":37}}]},"21":{"loc":{"start":{"line":89,"column":20},"end":{"line":89,"column":57}},"type":"cond-expr","locations":[{"start":{"line":89,"column":35},"end":{"line":89,"column":39}},{"start":{"line":89,"column":39},"end":{"line":89,"column":57}}]},"22":{"loc":{"start":{"line":89,"column":20},"end":{"line":89,"column":39}},"type":"binary-expr","locations":[{"start":{"line":89,"column":20},"end":{"line":89,"column":39}},{"start":{"line":89,"column":35},"end":{"line":89,"column":39}}]},"23":{"loc":{"start":{"line":102,"column":4},"end":{"line":102,"column":72}},"type":"if","locations":[{"start":{"line":102,"column":4},"end":{"line":102,"column":72}},{"start":{},"end":{}}]},"24":{"loc":{"start":{"line":102,"column":8},"end":{"line":102,"column":42}},"type":"binary-expr","locations":[{"start":{"line":102,"column":8},"end":{"line":102,"column":15}},{"start":{"line":102,"column":19},"end":{"line":102,"column":42}}]},"25":{"loc":{"start":{"line":128,"column":12},"end":{"line":128,"column":67}},"type":"if","locations":[{"start":{"line":128,"column":12},"end":{"line":128,"column":67}},{"start":{},"end":{}}]},"26":{"loc":{"start":{"line":141,"column":4},"end":{"line":141,"column":62}},"type":"default-arg","locations":[{"start":{"line":141,"column":17},"end":{"line":141,"column":62}}]},"27":{"loc":{"start":{"line":147,"column":4},"end":{"line":147,"column":40}},"type":"if","locations":[{"start":{"line":147,"column":4},"end":{"line":147,"column":40}},{"start":{},"end":{}}]},"28":{"loc":{"start":{"line":167,"column":4},"end":{"line":173,"column":5}},"type":"if","locations":[{"start":{"line":167,"column":4},"end":{"line":173,"column":5}},{"start":{"line":171,"column":11},"end":{"line":173,"column":5}}]},"29":{"loc":{"start":{"line":188,"column":4},"end":{"line":188,"column":88}},"type":"if","locations":[{"start":{"line":188,"column":4},"end":{"line":188,"column":88}},{"start":{},"end":{}}]},"30":{"loc":{"start":{"line":190,"column":4},"end":{"line":190,"column":101}},"type":"if","locations":[{"start":{"line":190,"column":4},"end":{"line":190,"column":101}},{"start":{},"end":{}}]},"31":{"loc":{"start":{"line":190,"column":8},"end":{"line":190,"column":37}},"type":"binary-expr","locations":[{"start":{"line":190,"column":8},"end":{"line":190,"column":20}},{"start":{"line":190,"column":24},"end":{"line":190,"column":37}}]},"32":{"loc":{"start":{"line":191,"column":4},"end":{"line":191,"column":96}},"type":"if","locations":[{"start":{"line":191,"column":4},"end":{"line":191,"column":96}},{"start":{},"end":{}}]},"33":{"loc":{"start":{"line":201,"column":19},"end":{"line":201,"column":62}},"type":"cond-expr","locations":[{"start":{"line":201,"column":31},"end":{"line":201,"column":50}},{"start":{"line":201,"column":53},"end":{"line":201,"column":62}}]},"34":{"loc":{"start":{"line":202,"column":19},"end":{"line":202,"column":62}},"type":"cond-expr","locations":[{"start":{"line":202,"column":31},"end":{"line":202,"column":50}},{"start":{"line":202,"column":53},"end":{"line":202,"column":62}}]},"35":{"loc":{"start":{"line":216,"column":15},"end":{"line":216,"column":77}},"type":"cond-expr","locations":[{"start":{"line":216,"column":36},"end":{"line":216,"column":45}},{"start":{"line":216,"column":48},"end":{"line":216,"column":77}}]},"36":{"loc":{"start":{"line":225,"column":7},"end":{"line":249,"column":null}},"type":"binary-expr","locations":[{"start":{"line":225,"column":7},"end":{"line":225,"column":18}},{"start":{"line":226,"column":8},"end":{"line":24
[...]
umn":2},"end":{"line":144,"column":49}},"55":{"start":{"line":148,"column":13},"end":{"line":148,"column":27}},"56":{"start":{"line":149,"column":2},"end":{"line":149,"column":26}},"57":{"start":{"line":150,"column":2},"end":{"line":150,"column":77}},"58":{"start":{"line":154,"column":2},"end":{"line":154,"column":86}},"59":{"start":{"line":158,"column":2},"end":{"line":158,"column":79}},"60":{"start":{"line":164,"column":2},"end":{"line":164,"column":37}},"61":{"start":{"line":168,"column":2},"end":{"line":171,"column":5}},"62":{"start":{"line":177,"column":2},"end":{"line":177,"column":60}},"63":{"start":{"line":181,"column":2},"end":{"line":184,"column":5}},"64":{"start":{"line":194,"column":2},"end":{"line":197,"column":5}},"65":{"start":{"line":220,"column":20},"end":{"line":220,"column":72}},"66":{"start":{"line":221,"column":12},"end":{"line":221,"column":27}},"67":{"start":{"line":222,"column":2},"end":{"line":227,"column":4}}},"fnMap":{"0":{"name":"apiFetch","decl":{"start":{"line":27,"column":15},"end":{"line":27,"column":23}},"loc":{"start":{"line":27,"column":64},"end":{"line":62,"column":1}}},"1":{"name":"listMatches","decl":{"start":{"line":71,"column":22},"end":{"line":71,"column":33}},"loc":{"start":{"line":72,"column":42},"end":{"line":82,"column":1}}},"2":{"name":"updateMatchStatus","decl":{"start":{"line":84,"column":22},"end":{"line":84,"column":39}},"loc":{"start":{"line":87,"column":40},"end":{"line":93,"column":1}}},"3":{"name":"bulkUpdateMatches","decl":{"start":{"line":95,"column":22},"end":{"line":95,"column":39}},"loc":{"start":{"line":97,"column":30},"end":{"line":103,"column":1}}},"4":{"name":"setMatchFeedback","decl":{"start":{"line":105,"column":22},"end":{"line":105,"column":38}},"loc":{"start":{"line":107,"column":39},"end":{"line":113,"column":1}}},"5":{"name":"listApplications","decl":{"start":{"line":117,"column":22},"end":{"line":117,"column":38}},"loc":{"start":{"line":118,"column":42},"end":{"line":128,"column":1}}},"6":{"name":"getApplication","decl":{"start":{"line":130,"column":22},"end":{"line":130,"column":36}},"loc":{"start":{"line":130,"column":47},"end":{"line":132,"column":1}}},"7":{"name":"withdrawApplication","decl":{"start":{"line":134,"column":22},"end":{"line":134,"column":41}},"loc":{"start":{"line":134,"column":63},"end":{"line":139,"column":1}}},"8":{"name":"listResumes","decl":{"start":{"line":143,"column":22},"end":{"line":143,"column":33}},"loc":{"start":{"line":143,"column":33},"end":{"line":145,"column":1}}},"9":{"name":"uploadResume","decl":{"start":{"line":147,"column":22},"end":{"line":147,"column":34}},"loc":{"start":{"line":147,"column":45},"end":{"line":151,"column":1}}},"10":{"name":"setPrimaryResume","decl":{"start":{"line":153,"column":22},"end":{"line":153,"column":38}},"loc":{"start":{"line":153,"column":55},"end":{"line":155,"column":1}}},"11":{"name":"deleteResume","decl":{"start":{"line":157,"column":22},"end":{"line":157,"column":34}},"loc":{"start":{"line":157,"column":51},"end":{"line":159,"column":1}}},"12":{"name":"getMe","decl":{"start":{"line":163,"column":22},"end":{"line":163,"column":27}},"loc":{"start":{"line":163,"column":27},"end":{"line":165,"column":1}}},"13":{"name":"updateMe","decl":{"start":{"line":167,"column":22},"end":{"line":167,"column":30}},"loc":{"start":{"line":167,"column":50},"end":{"line":172,"column":1}}},"14":{"name":"getPreferences","decl":{"start":{"line":176,"column":22},"end":{"line":176,"column":36}},"loc":{"start":{"line":176,"column":36},"end":{"line":178,"column":1}}},"15":{"name":"savePreferences","decl":{"start":{"line":180,"column":22},"end":{"line":180,"column":37}},"loc":{"start":{"line":180,"column":60},"end":{"line":185,"column":1}}},"16":{"name":"saveBoardCredentials","decl":{"start":{"line":189,"column":22},"end":{"line":189,"column":42}},"loc":{"start":{"line":192,"column":18},"end":{"line":198,"column":1}}},"17":{"name":"getDashboardStats","decl":{"start":{"line":219,"column":22},"end":{"line":219,"column":39}},"loc":{"start":{"line":219,"column":39},"end":{"line":228,"column":1}}}},"branchMap":{"0":{"loc":{"start":{"line":27,"column":41},"end":{"line":27,"column":64}},"type":"default-arg","locations":[{"start":{"line":27,"column":62},"end":{"line":27,"column":64}}]},"1":{"loc":{"start":{"line":34,"column":2},"end":{"line":39,"column":3}},"type":"if","locations":[{"start":{"line":34,"column":2},"end":{"line":39,"column":3}},{"start":{},"end":{}}]},"2":{"loc":{"start":{"line":36,"column":4},"end":{"line":38,"column":5}},"type":"if","locations":[{"start":{"line":36,"column":4},"end":{"line":38,"column":5}},{"start":{},"end":{}}]},"3":{"loc":{"start":{"line":42,"column":2},"end":{"line":44,"column":3}},"type":"if","locations":[{"start":{"line":42,"column":2},"end":{"line":44,"column":3}},{"start":{},"end":{}}]},"4":{"loc":{"start":{"line":43,"column":30},"end":{"line":43,"column":75}},"type":"cond-expr","locations":[{"start":{"line":43,"column":53},"end":{"line":43,"column":57}},{"start":{"line":43,"column":57},"end":{"line":43,"column":75}}]},"5":{"loc":{"start":{"line":43,"column":30},"end":{"line":43,"column":57}},"type":"binary-expr","locations":[{"start":{"line":43,"column":30},"end":{"line":43,"column":57}},{"start":{"line":43,"column":53},"end":{"line":43,"column":57}}]},"6":{"loc":{"start":{"line":48,"column":2},"end":{"line":57,"column":3}},"type":"if","locations":[{"start":{"line":48,"column":2},"end":{"line":57,"column":3}},{"start":{},"end":{}}]},"7":{"loc":{"start":{"line":52,"column":16},"end":{"line":52,"column":53}},"type":"cond-expr","locations":[{"start":{"line":52,"column":42},"end":{"line":52,"column":46}},{"start":{"line":52,"column":46},"end":{"line":52,"column":53}}]},"8":{"loc":{"start":{"line":52,"column":16},"end":{"line":52,"column":46}},"type":"binary-expr","locations":[{"start":{"line":52,"column":16},"end":{"line":52,"column":46}},{"start":{"line":52,"column":42},"end":{"line":52,"column":46}}]},"9":{"loc":{"start":{"line":52,"column":16},"end":{"line":52,"column":42}},"type":"cond-expr","locations":[{"start":{"line":52,"column":28},"end":{"line":52,"column":32}},{"start":{"line":52,"column":32},"end":{"line":52,"column":42}}]},"10":{"loc":{"start":{"line":52,"column":16},"end":{"line":52,"column":32}},"type":"binary-expr","locations":[{"start":{"line":52,"column":16},"end":{"line":52,"column":32}},{"start":{"line":52,"column":28},"end":{"line":52,"column":32}}]},"11":{"loc":{"start":{"line":60,"column":2},"end":{"line":60,"column":59}},"type":"if","locations":[{"start":{"line":60,"column":2},"end":{"line":60,"column":59}},{"start":{},"end":{}}]},"12":{"loc":{"start":{"line":75,"column":2},"end":{"line":79,"column":3}},"type":"if","locations":[{"start":{"line":75,"column":2},"end":{"line":79,"column":3}},{"start":{},"end":{}}]},"13":{"loc":{"start":{"line":80,"column":16},"end":{"line":80,"column":45}},"type":"cond-expr","locations":[{"start":{"line":80,"column":32},"end":{"line":80,"column":40}},{"start":{"line":80,"column":43},"end":{"line":80,"column":45}}]},"14":{"loc":{"start":{"line":121,"column":2},"end":{"line":125,"column":3}},"type":"if","locations":[{"start":{"line":121,"column":2},"end":{"line":125,"column":3}},{"start":{},"end":{}}]},"15":{"loc":{"start":{"line":126,"column":16},"end":{"line":126,"column":45}},"type":"cond-expr","locations":[{"start":{"line":126,"column":32},"end":{"line":126,"column":40}},{"start":{"line":126,"column":43},"end":{"line":126,"column":45}}]},"16":{"loc":{"start":{"line":223,"column":20},"end":{"line":223,"column":43}},"type":"cond-expr","locations":[{"start":{"line":223,"column":38},"end":{"line":223,"column":42}},{"start":{"line":223,"column":42},"end":{"line":223,"column":43}}]},"17":{"loc":{"start":{"line":223,"column":20},"end":{"line":223,"column":42}},"type":"binary-expr","locations":[{"start":{"line":223,"column":20},"end":{"line":223,"column":42}},{"start":{"line":223,"column":38},"end":{"line":223,"column":42}}]},"18":{"loc":{"start":{"line":223,"column":20},"end":{"line":223,"column":38}},"type":"cond-expr","locations":[{"start":{"line":223,"column":21},"end":{"line":223,"column":23}},{"start":{"line":223,"column":20},"end":{"line":223,"column":38}}]},"19":{"loc":{"start":{"line":223,"column":20},"end":{"line":223,"column":23}},"type":"binary-expr","locations":[{"start":{"line":223,"column":20},"end":{"line":223,"column":23}},{"start":{"line":223,"column":20},"end":{"line":223,"column":23}}]},"20":{"loc":{"start":{"line":224,"column":26},"end":{"line":224,"column":47}},"type":"cond-expr","locations":[{"start":{"line":224,"column":42},"end":{"line":224,"column":46}},{"start":{"line":224,"column":46},"end":{"line":224,"column":47}}]},"21":{"loc":{"start":{"line":224,"column":26},"end":{"line":224,"column":46}},"type":"binary-expr","locations":[{"start":{"line":224,"column":26},"end":{"line":224,"column":46}},{"start":{"line":224,"column":42},"end":{"line":224,"column":46}}]},"22":{"loc":{"start":{"line":224,"column":26},"end":{"line":224,"column":42}},"type":"cond-expr","locations":[{"start":{"line":224,"column":27},"end":{"line":224,"column":29}},{"start":{"line":224,"column":26},"end":{"line":224,"column":42}}]},"23":{"loc":{"start":{"line":224,"column":26},"end":{"line":224,"column":29}},"type":"binary-expr","locations":[{"start":{"line":224,"column":26},"end":{"line":224,"column":29}},{"start":{"line":224,"column":26},"end":{"line":224,"column":29}}]},"24":{"loc":{"start":{"line":225,"column":25},"end":{"line":225,"column":52}},"type":"cond-expr","locations":[{"start":{"line":225,"column":47},"end":{"line":225,"column":51}},{"start":{"line":225,"column":51},"end":{"line":225,"column":52}}]},"25":{"loc":{"start":{"line":225,"column":25},"end":{"line":225,"column":51}},"type":"binary-expr","locations":[{"start":{"line":225,"column":25},"end":{"line":225,"column":51}},{"start":{"line":225,"column":47},"end":{"line":225,"column":51}}]},"26":{"loc":{"start":{"line":225,"column":25},"end":{"line":225,"column":47}},"type":"cond-expr","locations":[{"start":{"line":225,"column":26},"end":{"line":225,"column":28}},{"start":{"line":225,"column":25},"end":{"line":225,"column":47}}]},"27":{"loc":{"start":{"line":225,"column":25},"end":{"line":225,"column":28}},"type":"binary-expr","locations":[{"start":{"line":225,"column":25},"end":{"line":225,"column":28}},{"start":{"line":225,"column":25},"end":{"line":225,"column":28}}]}},"s":{"0":7,"1":7,"2":7,"3":7,"4":7,"5":7,"6":7,"7":7,"8":7,"9":7,"10":7,"11":7,"12":7,"13":7,"14":7,"15":7,"16":7,"17":7,"18":83,"19":83,"20":83,"21":83,"22":83,"23":83,"24":83,"25":83,"26":81,"27":83,"28":83,"29":12,"30":12,"31":12,"32":11,"33":12,"34":71,"35":3,"36":68,"37":15,"38":15,"39":11,"40":32,"41":15,"42":15,"43":5,"44":2,"45":1,"46":2,"47":2,"48":0,"49":0,"50":2,"51":2,"52":1,"53":1,"54":1,"55":2,"56":2,"57":2,"58":1,"59":1,"60":10,"61":3,"62":29,"63":5,"64":2,"65":2,"66":2,"67":2},"f":{"0":83,"1":15,"2":5,"3":2,"4":1,"5":2,"6":1,"7":1,"8":1,"9":2,"10":1,"11":1,"12":10,"13":3,"14":29,"15":5,"16":2,"17":2},"b":{"0":[60],"1":[83,0],"2":[83,0],"3":[81,2],"4":[0,81],"5":[81,81],"6":[12,71],"7":[11,0],"8":[11,11],"9":[8,3],"10":[11,11],"11":[3,68],"12":[11,4],"13":[11,4],"14":[0,2],"15":[0,2],"16":[1,1],"17":[2,2],"18":[1,1],"19":[2,1],"20":[1,1],"21":[2,2],"22":[1,1],"23":[2,1],"24":[1,1],"25":[2,2],"26":[1,1],"27":[2,1]}}
,"C:\\Users\\bhata\\OneDrive\\Desktop\\development\\projects\\AutoDreamApplier\\frontend\\src\\lib\\utils.ts": {"path":"C:\\Users\\bhata\\OneDrive\\Desktop\\development\\projects\\AutoDreamApplier\\frontend\\src\\lib\\utils.ts","statementMap":{"0":{"start":{"line":5,"column":0},"end":{"line":5,"column":16}},"1":{"start":{"line":10,"column":0},"end":{"line":10,"column":16}},"2":{"start":{"line":25,"column":0},"end":{"line":25,"column":16}},"3":{"start":{"line":39,"column":0},"end":{"line":39,"column":16}},"4":{"start":{"line":49,"column":0},"end":{"line":49,"column":16}},"5":{"start":{"line":62,"column":0},"end":{"line":62,"column":16}},"6":{"start":{"line":69,"column":0},"end":{"line":69,"column":16}},"7":{"start":{"line":1,"column":0},"end":{"line":1,"column":45}},"8":{"start":{"line":2,"column":0},"end":{"line":2,"column":41}},"9":{"start":{"line":6,"column":2},"end":{"line":6,"column":31}},"10":{"start":{"line":15,"column":2},"end":{"line":15,"column":47}},"11":{"start":{"line":15,"column":20},"end":{"line":15,"column":47}},"12":{"start":{"line":16,"column":14},"end":{"line":16,"column":55}},"13":{"start":{"line":17,"column":14},"end":{"line":18,"column":63}},"14":{"start":{"line":18,"column":4},"end":{"line":18,"column":63}},"15":{"start":{"line":19,"column":2},"end":{"line":19,"column":53}},"16":{"start":{"line":19,"column":18},"end":{"line":19,"column":53}},"17":{"start":{"line":20,"column":2},"end":{"line":20,"column":37}},"18":{"start":{"line":20,"column":11},"end":{"line":20,"column":37}},"19":{"start":{"line":21,"column":2},"end":{"line":21,"column":30}},"20":{"start":{"line":26,"column":15},"end":{"line":26,"column":55}},"21":{"start":{"line":27,"column":12},"end":{"line":27,"column":35}},"22":{"start":{"line":28,"column":2},"end":{"line":28,"column":32}},"23":{"start":{"line":28,"column":14},"end":{"line":28,"column":32}},"24":{"start":{"line":29,"column":12},"end":{"line":29,"column":30}},"25":{"start":{"line":30,"column":2},"end":{"line":30,"column":33}},"26":{"start":{"line":30,"column":14},"end":{"line":30,"column":33}},"27":{"start":{"line":31,"column":12},"end":{"line":31,"column":30}},"28":{"start":{"line":32,"column":2},"end":{"line":32,"column":33}},"29":{"start":{"line":32,"column":14},"end":{"line":32,"column":33}},"30":{"start":{"line":33,"column":12},"end":{"line":33,"column":30}},"31":{"start":{"line":34,"column":2},"end":{"line":34,"column":32}},"32":{"start":{"line":34,"column":13},"end":{"line":34,"column":32}},"33":{"start":{"line":35,"column":2},"end":{"line":35,"column":48}},"34":{"start":{"line":40,"column":2},"end":{"line":40,"column":27}},"35":{"start":{"line":40,"column":16},"end":{"line":40,"column":27}},"36":{"start":{"line":41,"column":2},"end":{"line":45,"column":5}},"37":{"start":{"line":50,"column":2},"end":{"line":58,"column":22}},"38":{"start":{"line":63,"column":2},"end":{"line":63,"column":44}},"39":{"start":{"line":63,"column":20},"end":{"line":63,"column":44}},"40":{"start":{"line":64,"column":2},"end":{"line":64,"column":45}},"41":{"start":{"line":64,"column":20},"end":{"line":64,"column":45}},"42":{"start":{"line":65,"column":2},"end":{"line":65,"column":24}},"43":{"start":{"line":70,"column":2},"end":{"line":70,"column":39}}},"fnMap":{"0":{"name":"cn","decl":{"start":{"line":5,"column":16},"end":{"line":5,"column":18}},"loc":{"start":{"line":5,"column":42},"end":{"line":7,"column":1}}},"1":{"name":"formatSalary","decl":{"start":{"line":10,"column":16},"end":{"line":10,"column":28}},"loc":{"start":{"line":13,"column":18},"end":{"line":22,"column":1}}},"2":{"name":"(anonymous_2)","decl":{"start":{"line":17,"column":14},"end":{"line":17,"column":15}},"loc":{"start":{"line":18,"column":4},"end":{"line":18,"column":63}}},"3":{"name":"timeAgo","decl":{"start":{"line":25,"column":16},"end":{"line":25,"column":23}},"loc":{"start":{"line":25,"column":39},"end":{"line":36,"column":1}}},"4":{"name":"formatDate","decl":{"start":{"line":39,"column":16},"end":{"line":39,"column":26}},"loc":{"start":{"line":39,"column":43},"end":{"line":46,"column":1}}},"5":{"name":"statusLabel","decl":{"start":{"line":49,"column":16},"end":{"line":49,"column":27}},"loc":{"start":{"line":49,"column":42},"end":{"line":59,"column":1}}},"6":{"name":"scoreColor","decl":{"start":{"line":62,"column":16},"end":{"line":62,"column":26}},"loc":{"start":{"line":62,"column":40},"end":{"line":66,"column":1}}},"7":{"name":"scorePercent","decl":{"start":{"line":69,"column":16},"end":{"line":69,"column":28}},"loc":{"start":{"line":69,"column":42},"end":{"line":71,"column":1}}}},"branchMap":{"0":{"loc":{"start":{"line":13,"column":2},"end":{"line":13,"column":18}},"type":"default-arg","locations":[{"start":{"line":13,"column":13},"end":{"line":13,"column":18}}]},"1":{"loc":{"start":{"line":15,"column":2},"end":{"line":15,"column":47}},"type":"if","locations":[{"start":{"line":15,"column":2},"end":{"line":15,"column":47}},{"start":{},"end":{}}]},"2":{"loc":{"start":{"line":15,"column":6},"end":{"line":15,"column":18}},"type":"binary-expr","locations":[{"start":{"line":15,"column":6},"end":{"line":15,"column":10}},{"start":{"line":15,"column":14},"end":{"line":15,"column":18}}]},"3":{"loc":{"start":{"line":16,"column":14},"end":{"line":16,"column":55}},"type":"cond-expr","locations":[{"start":{"line":16,"column":35},"end":{"line":16,"column":38}},{"start":{"line":16,"column":41},"end":{"line":16,"column":55}}]},"4":{"loc":{"start":{"line":18,"column":4},"end":{"line":18,"column":63}},"type":"cond-expr","locations":[{"start":{"line":18,"column":16},"end":{"line":18,"column":48}},{"start":{"line":18,"column":51},"end":{"line":18,"column":63}}]},"5":{"loc":{"start":{"line":19,"column":2},"end":{"line":19,"column":53}},"type":"if","locations":[{"start":{"line":19,"column":2},"end":{"line":19,"column":53}},{"start":{},"end":{}}]},"6":{"loc":{"start":{"line":19,"column":6},"end":{"line":19,"column":16}},"type":"binary-expr","locations":[{"start":{"line":19,"column":6},"end":{"line":19,"column":9}},{"start":{"line":19,"column":13},"end":{"line":19,"column":16}}]},"7":{"loc":{"start":{"line":20,"column":2},"end":{"line":20,"column":37}},"type":"if","locations":[{"start":{"line":20,"column":2},"end":{"line":20,"column":37}},{"start":{},"end":{}}]},"8":{"loc":{"start":{"line":28,"column":2},"end":{"line":28,"column":32}},"type":"if","locations":[{"start":{"line":28,"column":2},"end":{"line":28,"column":32}},{"start":{},"end":{}}]},"9":{"loc":{"start":{"line":30,"column":2},"end":{"line":30,"column":33}},"type":"if","locations":[{"start":{"line":30,"column":2},"end":{"line":30,"column":33}},{"start":{},"end":{}}]},"10":{"loc":{"start":{"line":32,"column":2},"end":{"line":32,"column":33}},"type":"if","locations":[{"start":{"line":32,"column":2},"end":{"line":32,"column":33}},{"start":{},"end":{}}]},"11":{"loc":{"start":{"line":34,"column":2},"end":{"line":34,"column":32}},"type":"if","locations":[{"start":{"line":34,"column":2},"end":{"line":34,"column":32}},{"start":{},"end":{}}]},"12":{"loc":{"start":{"line":40,"column":2},"end":{"line":40,"column":27}},"type":"if","locations":[{"start":{"line":40,"column":2},"end":{"line":40,"column":27}},{"start":{},"end":{}}]},"13":{"loc":{"start":{"line":50,"column":9},"end":{"line":58,"column":21}},"type":"cond-expr","locations":[{"start":{"line":58,"column":11},"end":{"line":58,"column":15}},{"start":{"line":58,"column":15},"end":{"line":58,"column":21}}]},"14":{"loc":{"start":{"line":50,"column":9},"end":{"line":58,"column":15}},"type":"binary-expr","locations":[{"start":{"line":50,"column":9},"end":{"line":58,"column":15}},{"start":{"line":58,"column":11},"end":{"line":58,"column":15}}]},"15":{"loc":{"start":{"line":63,"column":2},"end":{"line":63,"column":44}},"type":"if","locations":[{"start":{"line":63,"column":2},"end":{"line":63,"column":44}},{"start":{},"end":{}}]},"16":{"loc":{"start":{"line":64,"column":2},"end":{"line":64,"column":45}},"type":"if","locations":[{"start":{"line":64,"column":2},"end":{"line":64,"column":45}},{"start":{},"end":{}}]}},"s":{"0":15,"1":15,"2":15,"3":15,"4":15,"5":15,"6":15,"7":15,"8":15,"9":4038,"10":32,"11":8,"12":24,"13":24,"14":46,"15":24,"16":22,"17":2,"18":1,"19":1,"20":29,"21":29,"22":29,"23":1,"24":28,"25":28,"26":1,"27":27,"28":27,"29":25,"30":2,"31":2,"32":1,"33":1,"34":12,"35":2,"36":10,"37":8,"38":102,"39":98,"40":4,"41":2,"42":2,"43":100},"f":{"0":4038,"1":32,"2":46,"3":29,"4":12,"5":8,"6":102,"7":100},"b":{"0":[7],"1":[8,24],"2":[32,9],"3":[23,1],"4":[44,2],"5":[22,2],"6":[24,23],"7":[1,1],"8":[1,28],"9":[1,27],"10":[25,2],"11":[1,1],"12":[2,10],"13":[7,1],"14":[8,8],"15":[98,4],"16":[2,2]}}
}
