TN:
SF:src\components\applications\application-row.tsx
FN:12,ApplicationRow
FNF:1
FNH:1
FNDA:9,ApplicationRow
DA:1,1
DA:2,1
DA:3,1
DA:4,1
DA:5,1
DA:12,1
DA:13,9
DA:15,9
LF:8
LH:8
BRDA:36,0,0,1
BRDA:36,0,1,8
BRDA:42,1,0,9
BRDA:42,1,1,9
BRDA:42,1,2,8
BRDA:47,2,0,9
BRDA:47,2,1,1
BRDA:65,3,0,9
BRDA:65,3,1,1
BRF:9
BRH:9
end_of_record
TN:
SF:src\components\applications\status-timeline.tsx
FN:41,StatusTimeline
FN:48,(anonymous_1)
FNF:2
FNH:2
FNDA:19,StatusTimeline
FNDA:95,(anonymous_1)
DA:1,2
DA:4,2
DA:12,2
DA:22,2
DA:29,2
DA:41,2
DA:42,19
DA:43,19
DA:45,19
DA:49,95
DA:50,95
DA:51,95
DA:52,95
DA:54,95
LF:14
LH:14
BRDA:43,0,0,19
BRDA:43,0,1,18
BRDA:50,1,0,95
BRDA:50,1,1,85
BRDA:51,2,0,95
BRDA:51,2,1,85
BRDA:52,3,0,95
BRDA:52,3,1,10
BRDA:60,4,0,60
BRDA:60,4,1,35
BRDA:62,5,0,17
BRDA:62,5,1,18
BRDA:64,6,0,2
BRDA:64,6,1,16
BRDA:69,7,0,60
BRDA:69,7,1,35
BRDA:71,8,0,17
BRDA:71,8,1,18
BRDA:73,9,0,2
BRDA:73,9,1,16
BRDA:81,10,0,77
BRDA:81,10,1,18
BRDA:81,11,0,95
BRDA:81,11,1,35
BRDA:83,12,0,2
BRDA:83,12,1,16
BRDA:88,13,0,2
BRDA:88,13,1,93
BRDA:88,14,0,95
BRDA:88,14,1,19
BRDA:89,15,0,1
BRDA:89,15,1,1
BRDA:97,16,0,95
BRDA:97,16,1,76
BRDA:100,17,0,60
BRDA:100,17,1,16
BRDA:110,18,0,19
BRDA:110,18,1,4
BRF:38
BRH:38
end_of_record
TN:
SF:src\components\layout\sidebar.tsx
FN:24,Sidebar
FN:28,(anonymous_2)
FN:30,(anonymous_3)
FN:31,(anonymous_4)
FN:48,(anonymous_5)
FNF:5
FNH:4
FNDA:9,Sidebar
FNDA:8,(anonymous_2)
FNDA:8,(anonymous_3)
FNDA:0,(anonymous_4)
FNDA:27,(anonymous_5)
DA:3,1
DA:4,1
DA:5,1
DA:6,1
DA:14,1
DA:15,1
DA:16,1
DA:18,1
DA:24,1
DA:25,9
DA:26,9
DA:28,9
DA:29,8
DA:30,8
DA:34,9
DA:49,27
DA:50,27
LF:17
LH:17
BRDA:30,0,0,8
BRDA:30,0,1,0
BRDA:30,1,0,8
BRDA:30,1,1,8
BRDA:56,2,0,9
BRDA:56,2,1,18
BRDA:62,3,0,9
BRDA:62,3,1,18
BRDA:66,4,0,27
BRDA:66,4,1,9
BRDA:66,4,2,1
BRF:11
BRH:10
end_of_record
TN:
SF:src\components\matches\match-card.tsx
FN:30,MatchCard
FN:39,handleFeedback
FN:54,handleApprove
FN:66,handleReject
FN:93,(anonymous_4)
FN:161,(anonymous_5)
FN:177,(anonymous_6)
FN:192,(anonymous_7)
FNF:8
FNH:5
FNDA:24,MatchCard
FNDA:0,handleFeedback
FNDA:1,handleApprove
FNDA:1,handleReject
FNDA:1,(anonymous_4)
FNDA:72,(anonymous_5)
FNDA:0,(anonymous_6)
FNDA:0,(anonymous_7)
DA:3,2
DA:4,2
DA:14,2
DA:15,2
DA:16,2
DA:17,2
DA:18,2
DA:30,2
DA:31,24
DA:34,24
DA:37,24
DA:40,0
DA:41,0
DA:42,0
DA:43,0
DA:44,0
DA:45,0
DA:47,0
DA:48,0
DA:50,0
DA:55,1
DA:56,1
DA:57,1
DA:58,1
DA:60,0
DA:62,1
DA:67,1
DA:68,1
DA:69,1
DA:70,1
DA:72,0
DA:74,1
DA:78,24
DA:79,24
DA:80,24
DA:82,24
DA:94,1
DA:95,1
DA:162,72
DA:177,0
DA:192,0
LF:41
LH:28
BRDA:40,0,0,0
BRDA:40,0,1,0
BRDA:85,1,0,2
BRDA:85,1,1,22
BRDA:89,2,0,24
BRDA:89,2,1,8
BRDA:92,3,0,2
BRDA:92,3,1,6
BRDA:98,4,0,2
BRDA:98,4,1,6
BRDA:103,5,0,8
BRDA:103,5,1,2
BRDA:117,6,0,8
BRDA:117,6,1,16
BRDA:147,7,0,18
BRDA:147,7,1,6
BRDA:180,8,0,0
BRDA:180,8,1,24
BRDA:186,9,0,0
BRDA:186,9,1,24
BRDA:195,10,0,0
BRDA:195,10,1,24
BRDA:201,11,0,0
BRDA:201,11,1,24
BRDA:209,12,0,24
BRDA:209,12,1,24
BRDA:209,12,2,24
BRDA:215,13,0,24
BRDA:215,13,1,18
BRDA:216,14,0,24
BRDA:216,14,1,0
BRF:31
BRH:24
end_of_record
TN:
SF:src\components\matches\match-queue.tsx
FN:19,MatchQueue
FN:35,handleToggleSelect
FN:36,(anonymous_2)
FN:43,handleSelectAll
FN:47,(anonymous_4)
FN:51,handleClearSelection
FN:55,handleBulkApprove
FN:62,(anonymous_7)
FN:62,(anonymous_8)
FN:64,(anonymous_9)
FN:65,(anonymous_10)
FN:79,handleBulkReject
FN:85,(anonymous_12)
FN:85,(anonymous_13)
FN:87,(anonymous_14)
FN:88,(anonymous_15)
FN:103,(anonymous_16)
FN:109,(anonymous_17)
FN:115,(anonymous_18)
FN:126,(anonymous_19)
FN:130,(anonymous_20)
FN:133,handleRefresh
FN:141,handleLoadMore
FN:147,handleUpdate
FN:148,(anonymous_24)
FN:149,(anonymous_25)
FN:159,(anonymous_26)
FN:162,(anonymous_27)
FN:273,(anonymous_28)
FNF:29
FNH:11
FNDA:31,MatchQueue
FNDA:0,handleToggleSelect
FNDA:0,(anonymous_2)
FNDA:2,handleSelectAll
FNDA:2,(anonymous_4)
FNDA:0,handleClearSelection
FNDA:0,handleBulkApprove
FNDA:0,(anonymous_7)
FNDA:0,(anonymous_8)
FNDA:0,(anonymous_9)
FNDA:0,(anonymous_10)
FNDA:0,handleBulkReject
FNDA:0,(anonymous_12)
FNDA:0,(anonymous_13)
FNDA:0,(anonymous_14)
FNDA:0,(anonymous_15)
FNDA:10,(anonymous_16)
FNDA:10,(anonymous_17)
FNDA:7,(anonymous_18)
FNDA:10,(anonymous_19)
FNDA:10,(anonymous_20)
FNDA:0,handleRefresh
FNDA:0,handleLoadMore
FNDA:0,handleUpdate
FNDA:0,(anonymous_24)
FNDA:0,(anonymous_25)
FNDA:120,(anonymous_26)
FNDA:1,(anonymous_27)
FNDA:6,(anonymous_28)
DA:3,1
DA:4,1
DA:5,1
DA:6,1
DA:7,1
DA:8,1
DA:9,1
DA:12,1
DA:19,1
DA:20,31
DA:21,30
DA:22,30
DA:23,30
DA:24,30
DA:25,30
DA:26,30
DA:29,30
DA:30,30
DA:32,30
DA:33,30
DA:36,0
DA:37,0
DA:38,0
DA:39,0
DA:44,2
DA:45,0
DA:47,2
DA:52,0
DA:56,0
DA:57,0
DA:58,0
DA:59,0
DA:61,0
DA:62,0
DA:64,0
DA:65,0
DA:66,0
DA:70,0
DA:72,0
DA:73,0
DA:75,0
DA:80,0
DA:81,0
DA:82,0
DA:83,0
DA:84,0
DA:85,0
DA:87,0
DA:88,0
DA:89,0
DA:93,0
DA:95,0
DA:96,0
DA:98,0
DA:103,30
DA:104,10
DA:108,30
DA:110,10
DA:111,10
DA:112,10
DA:113,10
DA:114,10
DA:115,9
DA:116,9
DA:118,1
DA:119,1
DA:126,30
DA:127,10
DA:128,10
DA:129,10
DA:130,10
DA:134,0
DA:135,0
DA:136,0
DA:137,0
DA:138,0
DA:142,0
DA:143,0
DA:144,0
DA:148,0
DA:149,0
DA:153,30
DA:160,120
DA:162,1
DA:274,6
LF:85
LH:43
BRDA:33,0,0,30
BRDA:33,0,1,6
BRDA:38,1,0,0
BRDA:38,1,1,0
BRDA:44,2,0,0
BRDA:44,2,1,2
BRDA:56,3,0,0
BRDA:56,3,1,0
BRDA:61,4,0,0
BRDA:61,4,1,0
BRDA:66,5,0,0
BRDA:66,5,1,0
BRDA:73,6,0,0
BRDA:73,6,1,0
BRDA:80,7,0,0
BRDA:80,7,1,0
BRDA:84,8,0,0
BRDA:84,8,1,0
BRDA:89,9,0,0
BRDA:89,9,1,0
BRDA:96,10,0,0
BRDA:96,10,1,0
BRDA:113,11,0,10
BRDA:113,11,1,0
BRDA:115,12,0,7
BRDA:115,12,1,0
BRDA:119,13,0,1
BRDA:119,13,1,0
BRDA:149,14,0,0
BRDA:149,14,1,0
BRDA:164,15,0,30
BRDA:164,15,1,90
BRDA:180,16,0,0
BRDA:180,16,1,30
BRDA:186,17,0,30
BRDA:186,17,1,11
BRDA:186,17,2,6
BRDA:194,18,0,2
BRDA:194,18,1,4
BRDA:199,19,0,2
BRDA:199,19,1,4
BRDA:203,20,0,6
BRDA:203,20,1,2
BRDA:243,21,0,30
BRDA:243,21,1,1
BRDA:250,22,0,19
BRDA:250,22,1,11
BRDA:254,23,0,5
BRDA:254,23,1,6
BRDA:261,24,0,0
BRDA:261,24,1,5
BRDA:264,25,0,3
BRDA:264,25,1,2
BRDA:285,26,0,6
BRDA:285,26,1,0
BRF:55
BRH:28
end_of_record
TN:
SF:src\components\settings\notifications-form.tsx
FN:20,isValidWebhookUrl
FN:30,NotificationsForm
FN:40,(anonymous_2)
FN:42,(anonymous_3)
FN:52,(anonymous_4)
FN:55,toggleEvent
FN:56,(anonymous_6)
FN:57,(anonymous_7)
FN:61,handleSave
FN:86,(anonymous_9)
FN:95,handleTestWebhook
FN:120,(anonymous_11)
FN:125,(anonymous_12)
FN:159,(anonymous_13)
FN:170,(anonymous_14)
FN:179,(anonymous_15)
FN:187,(anonymous_16)
FNF:17
FNH:8
FNDA:2,isValidWebhookUrl
FNDA:164,NotificationsForm
FNDA:11,(anonymous_2)
FNDA:11,(anonymous_3)
FNDA:0,(anonymous_4)
FNDA:0,toggleEvent
FNDA:0,(anonymous_6)
FNDA:0,(anonymous_7)
FNDA:3,handleSave
FNDA:0,(anonymous_9)
FNDA:0,handleTestWebhook
FNDA:0,(anonymous_11)
FNDA:0,(anonymous_12)
FNDA:83,(anonymous_13)
FNDA:59,(anonymous_14)
FNDA:576,(anonymous_15)
FNDA:0,(anonymous_16)
DA:3,1
DA:4,1
DA:5,1
DA:6,1
DA:7,1
DA:8,1
DA:9,1
DA:10,1
DA:11,1
DA:13,1
DA:21,2
DA:22,2
DA:23,2
DA:24,1
DA:26,1
DA:30,1
DA:31,164
DA:32,163
DA:33,163
DA:34,163
DA:35,163
DA:36,163
DA:37,163
DA:38,163
DA:40,163
DA:41,11
DA:43,11
DA:44,11
DA:45,11
DA:50,11
DA:56,0
DA:57,0
DA:62,3
DA:63,1
DA:64,1
DA:66,2
DA:67,1
DA:68,1
DA:71,1
DA:72,1
DA:73,1
DA:74,1
DA:76,1
DA:77,1
DA:84,1
DA:85,1
DA:86,1
DA:88,0
DA:89,0
DA:91,1
DA:96,0
DA:97,0
DA:98,0
DA:99,0
DA:101,0
DA:102,0
DA:103,0
DA:105,0
DA:106,0
DA:107,0
DA:109,0
DA:110,0
DA:119,0
DA:120,0
DA:122,0
DA:123,0
DA:124,0
DA:125,0
DA:129,163
DA:159,83
DA:170,59
DA:180,576
DA:187,0
LF:73
LH:50
BRDA:21,0,0,0
BRDA:21,0,1,2
BRDA:43,1,0,11
BRDA:43,1,1,0
BRDA:43,2,0,11
BRDA:43,2,1,11
BRDA:44,3,0,11
BRDA:44,3,1,0
BRDA:44,4,0,11
BRDA:44,4,1,11
BRDA:46,5,0,11
BRDA:46,5,1,0
BRDA:46,6,0,11
BRDA:46,6,1,11
BRDA:50,7,0,11
BRDA:50,7,1,0
BRDA:50,8,0,11
BRDA:50,8,1,11
BRDA:57,9,0,0
BRDA:57,9,1,0
BRDA:62,10,0,1
BRDA:62,10,1,2
BRDA:62,11,0,3
BRDA:62,11,1,1
BRDA:66,12,0,1
BRDA:66,12,1,1
BRDA:66,13,0,2
BRDA:66,13,1,1
BRDA:79,14,0,1
BRDA:79,14,1,1
BRDA:80,15,0,1
BRDA:80,15,1,1
BRDA:89,16,0,0
BRDA:89,16,1,0
BRDA:96,17,0,0
BRDA:96,17,1,0
BRDA:97,18,0,0
BRDA:97,18,1,0
BRDA:101,19,0,0
BRDA:101,19,1,0
BRDA:112,20,0,0
BRDA:112,20,1,0
BRDA:113,21,0,0
BRDA:113,21,1,0
BRDA:124,22,0,0
BRDA:124,22,1,0
BRDA:138,23,0,163
BRDA:138,23,1,2
BRDA:139,24,0,163
BRDA:139,24,1,1
BRDA:175,25,0,163
BRDA:175,25,1,79
BRDA:175,25,2,144
BRDA:207,26,0,163
BRDA:207,26,1,79
BRDA:207,26,2,144
BRDA:215,27,0,0
BRDA:215,27,1,144
BRDA:216,28,0,0
BRDA:216,28,1,144
BRF:60
BRH:37
end_of_record
TN:
SF:src\components\settings\preferences-form.tsx
FN:41,(anonymous_0)
FN:47,PreferencesForm
FN:75,(anonymous_2)
FN:77,(anonymous_3)
FN:91,(anonymous_4)
FN:95,addTag
FN:106,removeTag
FN:107,(anonymous_7)
FN:110,TagInput
FN:125,(anonymous_9)
FN:127,(anonymous_10)
FN:138,TagList
FN:150,(anonymous_12)
FN:156,(anonymous_13)
FN:166,handleAutoApplyToggle
FN:176,confirmAutoApply
FN:181,cancelAutoApply
FN:187,handleSave
FN:213,(anonymous_18)
FN:269,(anonymous_19)
FN:272,(anonymous_20)
FN:281,(anonymous_21)
FN:286,(anonymous_22)
FN:296,(anonymous_23)
FN:313,(anonymous_24)
FN:319,(anonymous_25)
FN:330,(anonymous_26)
FN:335,(anonymous_27)
FN:388,(anonymous_28)
FN:399,(anonymous_29)
FN:402,(anonymous_30)
FN:409,(anonymous_31)
FN:412,(anonymous_32)
FN:427,(anonymous_33)
FN:429,(anonymous_34)
FNF:35
FNH:14
FNDA:24,(anonymous_0)
FNDA:26,PreferencesForm
FNDA:8,(anonymous_2)
FNDA:8,(anonymous_3)
FNDA:0,(anonymous_4)
FNDA:0,addTag
FNDA:0,removeTag
FNDA:0,(anonymous_7)
FNDA:78,TagInput
FNDA:0,(anonymous_9)
FNDA:0,(anonymous_10)
FNDA:78,TagList
FNDA:34,(anonymous_12)
FNDA:0,(anonymous_13)
FNDA:3,handleAutoApplyToggle
FNDA:1,confirmAutoApply
FNDA:1,cancelAutoApply
FNDA:3,handleSave
FNDA:0,(anonymous_18)
FNDA:0,(anonymous_19)
FNDA:0,(anonymous_20)
FNDA:0,(anonymous_21)
FNDA:0,(anonymous_22)
FNDA:0,(anonymous_23)
FNDA:0,(anonymous_24)
FNDA:0,(anonymous_25)
FNDA:0,(anonymous_26)
FNDA:0,(anonymous_27)
FNDA:0,(anonymous_28)
FNDA:0,(anonymous_29)
FNDA:624,(anonymous_30)
FNDA:0,(anonymous_31)
FNDA:624,(anonymous_32)
FNDA:0,(anonymous_33)
FNDA:572,(anonymous_34)
DA:3,1
DA:4,1
DA:5,1
DA:6,1
DA:7,1
DA:8,1
DA:9,1
DA:10,1
DA:11,1
DA:12,1
DA:16,1
DA:41,1
DA:42,24
DA:43,24
DA:44,24
DA:47,1
DA:49,26
DA:50,26
DA:51,26
DA:52,26
DA:53,26
DA:54,26
DA:55,26
DA:56,26
DA:57,26
DA:58,26
DA:61,26
DA:62,26
DA:63,26
DA:64,26
DA:65,26
DA:66,26
DA:68,26
DA:71,26
DA:72,26
DA:73,26
DA:75,26
DA:76,8
DA:78,8
DA:79,8
DA:80,8
DA:81,8
DA:82,8
DA:83,8
DA:84,8
DA:85,8
DA:86,8
DA:87,8
DA:88,8
DA:89,8
DA:101,0
DA:102,0
DA:103,0
DA:107,0
DA:121,78
DA:125,0
DA:128,0
DA:147,78
DA:148,34
DA:151,34
DA:156,0
DA:167,3
DA:169,3
DA:170,3
DA:172,0
DA:177,1
DA:178,1
DA:182,1
DA:183,1
DA:188,3
DA:189,2
DA:190,2
DA:191,2
DA:193,2
DA:194,2
DA:195,2
DA:196,2
DA:197,2
DA:212,1
DA:213,1
DA:215,1
DA:216,1
DA:218,2
DA:222,26
DA:269,0
DA:272,0
DA:281,0
DA:286,0
DA:296,0
DA:313,0
DA:319,0
DA:330,0
DA:335,0
DA:388,0
DA:399,0
DA:403,624
DA:409,0
DA:413,624
DA:427,0
DA:430,572
LF:100
LH:79
BRDA:42,0,0,24
BRDA:42,0,1,2
BRDA:43,1,0,12
BRDA:43,1,1,12
BRDA:78,2,0,8
BRDA:78,2,1,0
BRDA:78,3,0,8
BRDA:78,3,1,8
BRDA:79,4,0,8
BRDA:79,4,1,0
BRDA:79,5,0,8
BRDA:79,5,1,8
BRDA:80,6,0,8
BRDA:80,6,1,0
BRDA:80,7,0,8
BRDA:80,7,1,8
BRDA:81,8,0,8
BRDA:81,8,1,0
BRDA:81,9,0,8
BRDA:81,9,1,8
BRDA:82,10,0,0
BRDA:82,10,1,8
BRDA:83,11,0,0
BRDA:83,11,1,8
BRDA:84,12,0,8
BRDA:84,12,1,0
BRDA:85,13,0,8
BRDA:85,13,1,0
BRDA:85,14,0,8
BRDA:85,14,1,8
BRDA:86,15,0,8
BRDA:86,15,1,0
BRDA:86,16,0,8
BRDA:86,16,1,8
BRDA:87,17,0,8
BRDA:87,17,1,0
BRDA:87,18,0,8
BRDA:87,18,1,8
BRDA:88,19,0,8
BRDA:88,19,1,0
BRDA:88,20,0,8
BRDA:88,20,1,8
BRDA:89,21,0,8
BRDA:89,21,1,0
BRDA:89,22,0,8
BRDA:89,22,1,8
BRDA:102,23,0,0
BRDA:102,23,1,0
BRDA:102,24,0,0
BRDA:102,24,1,0
BRDA:128,25,0,0
BRDA:128,25,1,0
BRDA:141,26,0,26
BRDA:147,27,0,44
BRDA:147,27,1,34
BRDA:167,28,0,3
BRDA:167,28,1,0
BRDA:188,29,0,1
BRDA:188,29,1,2
BRDA:190,30,0,0
BRDA:190,30,1,2
BRDA:190,31,0,2
BRDA:190,31,1,2
BRDA:191,32,0,0
BRDA:191,32,1,2
BRDA:201,33,0,0
BRDA:201,33,1,2
BRDA:202,34,0,0
BRDA:202,34,1,2
BRDA:216,35,0,1
BRDA:216,35,1,0
BRDA:225,36,0,26
BRDA:225,36,1,3
BRDA:260,37,0,26
BRDA:260,37,1,2
BRDA:261,38,0,26
BRDA:261,38,1,1
BRDA:373,39,0,1
BRDA:373,39,1,25
BRF:79
BRH:55
end_of_record
TN:
SF:src\components\settings\profile-form.tsx
FN:13,ProfileForm
FN:23,(anonymous_1)
FN:25,(anonymous_2)
FN:32,(anonymous_3)
FN:38,handleSave
FN:51,(anonymous_5)
FN:76,(anonymous_6)
FN:91,(anonymous_7)
FN:108,(anonymous_8)
FN:128,(anonymous_9)
FNF:10
FNH:6
FNDA:28,ProfileForm
FNDA:8,(anonymous_1)
FNDA:7,(anonymous_2)
FNDA:1,(anonymous_3)
FNDA:2,handleSave
FNDA:0,(anonymous_5)
FNDA:9,(anonymous_6)
FNDA:0,(anonymous_7)
FNDA:0,(anonymous_8)
FNDA:0,(anonymous_9)
DA:3,1
DA:4,1
DA:5,1
DA:6,1
DA:7,1
DA:8,1
DA:9,1
DA:10,1
DA:13,1
DA:14,28
DA:15,28
DA:16,28
DA:17,28
DA:18,28
DA:19,28
DA:20,28
DA:21,28
DA:23,28
DA:24,8
DA:26,7
DA:27,7
DA:28,7
DA:29,7
DA:30,7
DA:33,1
DA:34,1
DA:39,2
DA:40,2
DA:41,2
DA:42,2
DA:43,2
DA:49,1
DA:50,1
DA:51,1
DA:53,1
DA:54,1
DA:56,2
DA:60,28
DA:76,9
DA:91,0
DA:108,0
DA:128,0
LF:42
LH:39
BRDA:27,0,0,7
BRDA:27,0,1,0
BRDA:27,1,0,7
BRDA:27,1,1,7
BRDA:54,2,0,1
BRDA:54,2,1,0
BRDA:69,3,0,28
BRDA:69,3,1,2
BRDA:70,4,0,28
BRDA:70,4,1,1
BRDA:83,5,0,19
BRDA:83,5,1,9
BRDA:83,6,0,28
BRDA:83,6,1,28
BRDA:83,7,0,9
BRDA:83,7,1,19
BRDA:83,8,0,28
BRDA:83,8,1,19
BRDA:98,9,0,28
BRDA:98,9,1,1
BRF:20
BRH:18
end_of_record
TN:
SF:src\components\ui\alert.tsx
FN:26,Alert
FNF:1
FNH:1
FNDA:16,Alert
DA:1,5
DA:2,5
DA:3,5
DA:7,5
DA:14,5
DA:26,16
DA:27,16
DA:28,16
DA:47,5
LF:9
LH:9
BRDA:26,0,0,3
BRDA:40,1,0,16
BRDA:40,1,1,2
BRF:3
BRH:3
end_of_record
TN:
SF:src\components\ui\badge.tsx
FN:42,Badge
FNF:1
FNH:1
FNDA:85,Badge
DA:1,4
DA:2,4
DA:3,4
DA:5,4
DA:42,85
DA:43,85
DA:48,4
LF:7
LH:7
BRF:0
BRH:0
end_of_record
TN:
SF:src\components\ui\button.tsx
FN:54,(anonymous_10)
FNF:1
FNH:1
FNDA:558,(anonymous_10)
DA:1,6
DA:2,6
DA:3,6
DA:4,6
DA:6,6
DA:53,6
DA:54,558
DA:55,558
DA:56,558
DA:80,6
DA:82,6
LF:11
LH:11
BRDA:54,0,0,534
BRDA:55,1,0,24
BRDA:55,1,1,534
BRDA:60,2,0,228
BRDA:60,2,1,330
BRDA:60,3,0,558
BRDA:60,3,1,558
BRDA:63,4,0,558
BRDA:63,4,1,8
BRF:9
BRH:9
end_of_record
TN:
SF:src\components\ui\card.tsx
FN:7,(anonymous_10)
FN:22,(anonymous_11)
FN:34,(anonymous_12)
FN:46,(anonymous_13)
FN:54,(anonymous_14)
FN:62,(anonymous_15)
FNF:6
FNH:6
FNDA:244,(anonymous_10)
FNDA:219,(anonymous_11)
FNDA:219,(anonymous_12)
FNDA:219,(anonymous_13)
FNDA:243,(anonymous_14)
FNDA:26,(anonymous_15)
DA:1,6
DA:2,6
DA:4,6
DA:7,244
DA:17,6
DA:19,6
DA:22,219
DA:29,6
DA:31,6
DA:34,219
DA:41,6
DA:43,6
DA:46,219
DA:49,6
DA:51,6
DA:54,243
DA:57,6
DA:59,6
DA:62,26
DA:72,6
DA:74,6
LF:21
LH:21
BRF:0
BRH:0
end_of_record
TN:
SF:src\components\ui\input.tsx
FN:9,(anonymous_10)
FNF:1
FNH:1
FNDA:573,(anonymous_10)
DA:1,4
DA:2,4
DA:8,4
DA:9,573
DA:10,573
DA:33,4
DA:35,4
LF:7
LH:7
BRDA:20,0,0,573
BRDA:20,0,1,2
BRDA:26,1,0,573
BRDA:26,1,1,2
BRF:4
BRH:4
end_of_record
TN:
SF:src\components\ui\label.tsx
FN:9,(anonymous_10)
FNF:1
FNH:1
FNDA:980,(anonymous_10)
DA:1,3
DA:2,3
DA:8,3
DA:9,980
DA:23,3
DA:25,3
LF:6
LH:6
BRDA:19,0,0,980
BRDA:19,0,1,26
BRF:2
BRH:2
end_of_record
TN:
SF:src\components\ui\select.tsx
FN:9,(anonymous_10)
FNF:1
FNH:1
FNDA:132,(anonymous_10)
DA:1,2
DA:2,2
DA:8,2
DA:9,132
DA:30,2
DA:32,2
LF:6
LH:6
BRDA:19,0,0,132
BRDA:19,0,1,0
BRDA:26,1,0,132
BRDA:26,1,1,0
BRF:4
BRH:2
end_of_record
TN:
SF:src\components\ui\spinner.tsx
FN:10,Spinner
FNF:1
FNH:1
FNDA:25,Spinner
DA:1,2
DA:2,2
DA:8,2
DA:10,25
DA:11,25
DA:37,2
LF:6
LH:6
BRDA:10,0,0,4
BRF:1
BRH:1
end_of_record
TN:
SF:src\components\ui\switch.tsx
FN:11,(anonymous_10)
FNF:1
FNH:1
FNDA:220,(anonymous_10)
DA:3,3
DA:4,3
DA:6,3
DA:8,3
DA:11,220
DA:27,3
DA:29,3
LF:7
LH:7
BRF:0
BRH:0
end_of_record
TN:
SF:src\lib\api.ts
FN:27,apiFetch
FN:71,listMatches
FN:84,updateMatchStatus
FN:95,bulkUpdateMatches
FN:105,setMatchFeedback
FN:117,listApplications
FN:130,getApplication
FN:134,withdrawApplication
FN:143,listResumes
FN:147,uploadResume
FN:153,setPrimaryResume
FN:157,deleteResume
FN:163,getMe
FN:167,updateMe
FN:176,getPreferences
FN:180,savePreferences
FN:189,saveBoardCredentials
FN:219,getDashboardStats
FNF:18
FNH:18
FNDA:83,apiFetch
FNDA:15,listMatches
FNDA:5,updateMatchStatus
FNDA:2,bulkUpdateMatches
FNDA:1,setMatchFeedback
FNDA:2,listApplications
FNDA:1,getApplication
FNDA:1,withdrawApplication
FNDA:1,listResumes
FNDA:2,uploadResume
FNDA:1,setPrimaryResume
FNDA:1,deleteResume
FNDA:10,getMe
FNDA:3,updateMe
FNDA:29,getPreferences
FNDA:5,savePreferences
FNDA:2,saveBoardCredentials
FNDA:2,getDashboardStats
DA:10,7
DA:28,83
DA:30,83
DA:34,83
DA:35,83
DA:36,83
DA:37,83
DA:42,83
DA:43,81
DA:46,83
DA:48,83
DA:49,12
DA:50,12
DA:51,12
DA:52,11
DA:56,12
DA:60,71
DA:61,68
DA:71,7
DA:74,15
DA:75,15
DA:76,11
DA:77,32
DA:80,15
DA:81,15
DA:84,7
DA:89,5
DA:95,7
DA:99,2
DA:105,7
DA:109,1
DA:117,7
DA:120,2
DA:121,2
DA:122,0
DA:123,0
DA:126,2
DA:127,2
DA:130,7
DA:131,1
DA:134,7
DA:135,1
DA:143,7
DA:144,1
DA:147,7
DA:148,2
DA:149,2
DA:150,2
DA:153,7
DA:154,1
DA:157,7
DA:158,1
DA:163,7
DA:164,10
DA:167,7
DA:168,3
DA:176,7
DA:177,29
DA:180,7
DA:181,5
DA:189,7
DA:194,2
DA:219,7
DA:220,2
DA:221,2
DA:222,2
LF:66
LH:64
BRDA:27,0,0,60
BRDA:34,1,0,83
BRDA:34,1,1,0
BRDA:36,2,0,83
BRDA:36,2,1,0
BRDA:42,3,0,81
BRDA:42,3,1,2
BRDA:43,4,0,0
BRDA:43,4,1,81
BRDA:43,5,0,81
BRDA:43,5,1,81
BRDA:48,6,0,12
BRDA:48,6,1,71
BRDA:52,7,0,11
BRDA:52,7,1,0
BRDA:52,8,0,11
BRDA:52,8,1,11
BRDA:52,9,0,8
BRDA:52,9,1,3
BRDA:52,10,0,11
BRDA:52,10,1,11
BRDA:60,11,0,3
BRDA:60,11,1,68
BRDA:75,12,0,11
BRDA:75,12,1,4
BRDA:80,13,0,11
BRDA:80,13,1,4
BRDA:121,14,0,0
BRDA:121,14,1,2
BRDA:126,15,0,0
BRDA:126,15,1,2
BRDA:223,16,0,1
BRDA:223,16,1,1
BRDA:223,17,0,2
BRDA:223,17,1,2
BRDA:223,18,0,1
BRDA:223,18,1,1
BRDA:223,19,0,2
BRDA:223,19,1,1
BRDA:224,20,0,1
BRDA:224,20,1,1
BRDA:224,21,0,2
BRDA:224,21,1,2
BRDA:224,22,0,1
BRDA:224,22,1,1
BRDA:224,23,0,2
BRDA:224,23,1,1
BRDA:225,24,0,1
BRDA:225,24,1,1
BRDA:225,25,0,2
BRDA:225,25,1,2
BRDA:225,26,0,1
BRDA:225,26,1,1
BRDA:225,27,0,2
BRDA:225,27,1,1
BRF:55
BRH:49
end_of_record
TN:
SF:src\lib\utils.ts
FN:5,cn
FN:10,formatSalary
FN:17,(anonymous_2)
FN:25,timeAgo
FN:39,formatDate
FN:49,statusLabel
FN:62,scoreColor
FN:69,scorePercent
FNF:8
FNH:8
FNDA:4038,cn
FNDA:32,formatSalary
FNDA:46,(anonymous_2)
FNDA:29,timeAgo
FNDA:12,formatDate
FNDA:8,statusLabel
FNDA:102,scoreColor
FNDA:100,scorePercent
DA:1,15
DA:2,15
DA:5,15
DA:6,4038
DA:10,15
DA:15,32
DA:16,24
DA:17,24
DA:18,46
DA:19,24
DA:20,2
DA:21,1
DA:25,15
DA:26,29
DA:27,29
DA:28,29
DA:29,28
DA:30,28
DA:31,27
DA:32,27
DA:33,2
DA:34,2
DA:35,1
DA:39,15
DA:40,12
DA:41,10
DA:49,15
DA:50,8
DA:62,15
DA:63,102
DA:64,4
DA:65,2
DA:69,15
DA:70,100
LF:34
LH:34
BRDA:13,0,0,7
BRDA:15,1,0,8
BRDA:15,1,1,24
BRDA:15,2,0,32
BRDA:15,2,1,9
BRDA:16,3,0,23
BRDA:16,3,1,1
BRDA:18,4,0,44
BRDA:18,4,1,2
BRDA:19,5,0,22
BRDA:19,5,1,2
BRDA:19,6,0,24
BRDA:19,6,1,23
BRDA:20,7,0,1
BRDA:20,7,1,1
BRDA:28,8,0,1
BRDA:28,8,1,28
BRDA:30,9,0,1
BRDA:30,9,1,27
BRDA:32,10,0,25
BRDA:32,10,1,2
BRDA:34,11,0,1
BRDA:34,11,1,1
BRDA:40,12,0,2
BRDA:40,12,1,10
BRDA:50,13,0,7
BRDA:50,13,1,1
BRDA:50,14,0,8
BRDA:50,14,1,8
BRDA:63,15,0,98
BRDA:63,15,1,4
BRDA:64,16,0,2
BRDA:64,16,1,2
BRF:33
BRH:33
end_of_record
